  [1m[35m (0.2ms)[0m  [1m[34mSELECT sqlite_version(*)[0m
  ↳ bin/rails:9
  [1m[35m (136.7ms)[0m  [1m[35mCREATE TABLE "schema_migrations" ("version" varchar NOT NULL PRIMARY KEY)[0m
  ↳ bin/rails:9
  [1m[35m (136.7ms)[0m  [1m[35mCREATE TABLE "ar_internal_metadata" ("key" varchar NOT NULL PRIMARY KEY, "value" varchar, "created_at" datetime NOT NULL, "updated_at" datetime NOT NULL)[0m
  ↳ bin/rails:9
  [1m[35m (0.3ms)[0m  [1m[34mSELECT "schema_migrations"."version" FROM "schema_migrations" ORDER BY "schema_migrations"."version" ASC[0m
  ↳ bin/rails:9
Migrating to CreateUsers (20191230035206)
  [1m[35m (0.1ms)[0m  [1m[36mbegin transaction[0m
  ↳ bin/rails:9
  [1m[35m (0.6ms)[0m  [1m[35mCREATE TABLE "users" ("id" integer PRIMARY KEY AUTOINCREMENT NOT NULL, "name" varchar, "email" varchar, "password" varchar, "created_at" datetime NOT NULL, "updated_at" datetime NOT NULL)[0m
  ↳ db/migrate/20191230035206_create_users.rb:3
  [1m[36mActiveRecord::SchemaMigration Create (0.4ms)[0m  [1m[32mINSERT INTO "schema_migrations" ("version") VALUES (?)[0m  [["version", "20191230035206"]]
  ↳ bin/rails:9
  [1m[35m (151.1ms)[0m  [1m[36mcommit transaction[0m
  ↳ bin/rails:9
  [1m[36mActiveRecord::InternalMetadata Load (0.4ms)[0m  [1m[34mSELECT  "ar_internal_metadata".* FROM "ar_internal_metadata" WHERE "ar_internal_metadata"."key" = ? LIMIT ?[0m  [["key", "environment"], ["LIMIT", 1]]
  ↳ bin/rails:9
  [1m[35m (0.1ms)[0m  [1m[36mbegin transaction[0m
  ↳ bin/rails:9
  [1m[36mActiveRecord::InternalMetadata Create (0.4ms)[0m  [1m[32mINSERT INTO "ar_internal_metadata" ("key", "value", "created_at", "updated_at") VALUES (?, ?, ?, ?)[0m  [["key", "environment"], ["value", "development"], ["created_at", "2019-12-30 04:01:51.521104"], ["updated_at", "2019-12-30 04:01:51.521104"]]
  ↳ bin/rails:9
  [1m[35m (90.9ms)[0m  [1m[36mcommit transaction[0m
  ↳ bin/rails:9
  [1m[35m (0.3ms)[0m  [1m[34mSELECT "schema_migrations"."version" FROM "schema_migrations" ORDER BY "schema_migrations"."version" ASC[0m
  ↳ bin/rails:9
  [1m[35m (0.2ms)[0m  [1m[34mSELECT "schema_migrations"."version" FROM "schema_migrations" ORDER BY "schema_migrations"."version" ASC[0m
  ↳ bin/rails:9
  [1m[36mActiveRecord::InternalMetadata Load (0.2ms)[0m  [1m[34mSELECT  "ar_internal_metadata".* FROM "ar_internal_metadata" WHERE "ar_internal_metadata"."key" = ? LIMIT ?[0m  [["key", "environment"], ["LIMIT", 1]]
  ↳ bin/rails:9
  [1m[35m (0.2ms)[0m  [1m[36mbegin transaction[0m
  ↳ bin/rails:9
  [1m[35m (0.2ms)[0m  [1m[36mcommit transaction[0m
  ↳ bin/rails:9
  [1m[35m (0.1ms)[0m  [1m[34mSELECT "schema_migrations"."version" FROM "schema_migrations" ORDER BY "schema_migrations"."version" ASC[0m
  ↳ bin/rails:9
  [1m[35m (0.2ms)[0m  [1m[34mSELECT "schema_migrations"."version" FROM "schema_migrations" ORDER BY "schema_migrations"."version" ASC[0m
  ↳ bin/rails:9
  [1m[35m (0.1ms)[0m  [1m[34mSELECT "schema_migrations"."version" FROM "schema_migrations" ORDER BY "schema_migrations"."version" ASC[0m
  ↳ bin/rails:9
  [1m[35m (0.1ms)[0m  [1m[34mSELECT "schema_migrations"."version" FROM "schema_migrations" ORDER BY "schema_migrations"."version" ASC[0m
  ↳ bin/rails:9
  [1m[35m (0.1ms)[0m  [1m[34mSELECT "schema_migrations"."version" FROM "schema_migrations" ORDER BY "schema_migrations"."version" ASC[0m
  ↳ bin/rails:9
Migrating to CreateUsers (20191230035206)
  [1m[35m (0.1ms)[0m  [1m[36mbegin transaction[0m
  ↳ bin/rails:9
  [1m[35m (0.4ms)[0m  [1m[35mDROP TABLE "users"[0m
  ↳ bin/rails:9
  [1m[36mActiveRecord::SchemaMigration Destroy (0.3ms)[0m  [1m[31mDELETE FROM "schema_migrations" WHERE "schema_migrations"."version" = ?[0m  [["version", "20191230035206"]]
  ↳ bin/rails:9
  [1m[35m (116.3ms)[0m  [1m[36mcommit transaction[0m
  ↳ bin/rails:9
  [1m[35m (0.4ms)[0m  [1m[34mSELECT "schema_migrations"."version" FROM "schema_migrations" ORDER BY "schema_migrations"."version" ASC[0m
  ↳ bin/rails:9
  [1m[35m (0.2ms)[0m  [1m[34mSELECT "schema_migrations"."version" FROM "schema_migrations" ORDER BY "schema_migrations"."version" ASC[0m
  ↳ bin/rails:9
Migrating to CreateUsers (20191230035206)
  [1m[35m (0.1ms)[0m  [1m[36mbegin transaction[0m
  ↳ bin/rails:9
  [1m[35m (0.1ms)[0m  [1m[34mSELECT sqlite_version(*)[0m
  ↳ db/migrate/20191230035206_create_users.rb:3
  [1m[35m (0.6ms)[0m  [1m[35mCREATE TABLE "users" ("id" integer PRIMARY KEY AUTOINCREMENT NOT NULL, "name" varchar, "email" varchar, "created_at" datetime NOT NULL, "updated_at" datetime NOT NULL)[0m
  ↳ db/migrate/20191230035206_create_users.rb:3
  [1m[36mActiveRecord::SchemaMigration Create (0.4ms)[0m  [1m[32mINSERT INTO "schema_migrations" ("version") VALUES (?)[0m  [["version", "20191230035206"]]
  ↳ bin/rails:9
  [1m[35m (91.7ms)[0m  [1m[36mcommit transaction[0m
  ↳ bin/rails:9
  [1m[36mActiveRecord::InternalMetadata Load (0.2ms)[0m  [1m[34mSELECT  "ar_internal_metadata".* FROM "ar_internal_metadata" WHERE "ar_internal_metadata"."key" = ? LIMIT ?[0m  [["key", "environment"], ["LIMIT", 1]]
  ↳ bin/rails:9
  [1m[35m (0.1ms)[0m  [1m[36mbegin transaction[0m
  ↳ bin/rails:9
  [1m[35m (0.1ms)[0m  [1m[36mcommit transaction[0m
  ↳ bin/rails:9
  [1m[35m (0.2ms)[0m  [1m[34mSELECT "schema_migrations"."version" FROM "schema_migrations" ORDER BY "schema_migrations"."version" ASC[0m
  ↳ bin/rails:9
Started GET "/" for 127.0.0.1 at 2019-12-30 06:12:23 +0200
  [1m[35m (0.2ms)[0m  [1m[34mSELECT "schema_migrations"."version" FROM "schema_migrations" ORDER BY "schema_migrations"."version" ASC[0m
  ↳ /home/tresor/.rbenv/versions/2.6.4/lib/ruby/gems/2.6.0/gems/activerecord-5.2.4.1/lib/active_record/log_subscriber.rb:98
Processing by UsersController#index as HTML
  Rendering users/index.html.erb within layouts/application
  Rendered users/index.html.erb within layouts/application (3.8ms)
Completed 200 OK in 3818ms (Views: 3807.6ms | ActiveRecord: 0.0ms)


  [1m[35m (0.2ms)[0m  [1m[34mSELECT "schema_migrations"."version" FROM "schema_migrations" ORDER BY "schema_migrations"."version" ASC[0m
  ↳ bin/rails:9
Migrating to AddPasswordDigestToUsers (20191230041857)
  [1m[35m (0.1ms)[0m  [1m[36mbegin transaction[0m
  ↳ bin/rails:9
  [1m[35m (1.2ms)[0m  [1m[35mALTER TABLE "users" ADD "password_digest" varchar[0m
  ↳ db/migrate/20191230041857_add_password_digest_to_users.rb:3
  [1m[36mActiveRecord::SchemaMigration Create (0.3ms)[0m  [1m[32mINSERT INTO "schema_migrations" ("version") VALUES (?)[0m  [["version", "20191230041857"]]
  ↳ bin/rails:9
  [1m[35m (100.0ms)[0m  [1m[36mcommit transaction[0m
  ↳ bin/rails:9
  [1m[36mActiveRecord::InternalMetadata Load (0.5ms)[0m  [1m[34mSELECT  "ar_internal_metadata".* FROM "ar_internal_metadata" WHERE "ar_internal_metadata"."key" = ? LIMIT ?[0m  [["key", "environment"], ["LIMIT", 1]]
  ↳ bin/rails:9
  [1m[35m (0.1ms)[0m  [1m[36mbegin transaction[0m
  ↳ bin/rails:9
  [1m[35m (0.1ms)[0m  [1m[36mcommit transaction[0m
  ↳ bin/rails:9
  [1m[35m (0.2ms)[0m  [1m[34mSELECT "schema_migrations"."version" FROM "schema_migrations" ORDER BY "schema_migrations"."version" ASC[0m
  ↳ bin/rails:9
Started GET "/signup" for 127.0.0.1 at 2019-12-30 07:12:41 +0200
  [1m[35m (0.3ms)[0m  [1m[34mSELECT "schema_migrations"."version" FROM "schema_migrations" ORDER BY "schema_migrations"."version" ASC[0m
  ↳ /home/tresor/.rbenv/versions/2.6.4/lib/ruby/gems/2.6.0/gems/activerecord-5.2.4.1/lib/active_record/log_subscriber.rb:98
  
AbstractController::ActionNotFound (The action 'method' could not be found for UsersController):
  
actionpack (5.2.4.1) lib/abstract_controller/base.rb:129:in `process'
actionview (5.2.4.1) lib/action_view/rendering.rb:32:in `process'
actionpack (5.2.4.1) lib/action_controller/metal.rb:191:in `dispatch'
actionpack (5.2.4.1) lib/action_controller/metal.rb:252:in `dispatch'
actionpack (5.2.4.1) lib/action_dispatch/routing/route_set.rb:52:in `dispatch'
actionpack (5.2.4.1) lib/action_dispatch/routing/route_set.rb:34:in `serve'
actionpack (5.2.4.1) lib/action_dispatch/journey/router.rb:52:in `block in serve'
actionpack (5.2.4.1) lib/action_dispatch/journey/router.rb:35:in `each'
actionpack (5.2.4.1) lib/action_dispatch/journey/router.rb:35:in `serve'
actionpack (5.2.4.1) lib/action_dispatch/routing/route_set.rb:840:in `call'
rack (2.0.8) lib/rack/tempfile_reaper.rb:15:in `call'
rack (2.0.8) lib/rack/etag.rb:25:in `call'
rack (2.0.8) lib/rack/conditional_get.rb:25:in `call'
rack (2.0.8) lib/rack/head.rb:12:in `call'
actionpack (5.2.4.1) lib/action_dispatch/http/content_security_policy.rb:18:in `call'
rack (2.0.8) lib/rack/session/abstract/id.rb:259:in `context'
rack (2.0.8) lib/rack/session/abstract/id.rb:253:in `call'
actionpack (5.2.4.1) lib/action_dispatch/middleware/cookies.rb:670:in `call'
activerecord (5.2.4.1) lib/active_record/migration.rb:559:in `call'
actionpack (5.2.4.1) lib/action_dispatch/middleware/callbacks.rb:28:in `block in call'
activesupport (5.2.4.1) lib/active_support/callbacks.rb:98:in `run_callbacks'
actionpack (5.2.4.1) lib/action_dispatch/middleware/callbacks.rb:26:in `call'
actionpack (5.2.4.1) lib/action_dispatch/middleware/executor.rb:14:in `call'
actionpack (5.2.4.1) lib/action_dispatch/middleware/debug_exceptions.rb:61:in `call'
web-console (3.7.0) lib/web_console/middleware.rb:135:in `call_app'
web-console (3.7.0) lib/web_console/middleware.rb:30:in `block in call'
web-console (3.7.0) lib/web_console/middleware.rb:20:in `catch'
web-console (3.7.0) lib/web_console/middleware.rb:20:in `call'
actionpack (5.2.4.1) lib/action_dispatch/middleware/show_exceptions.rb:33:in `call'
railties (5.2.4.1) lib/rails/rack/logger.rb:38:in `call_app'
railties (5.2.4.1) lib/rails/rack/logger.rb:26:in `block in call'
activesupport (5.2.4.1) lib/active_support/tagged_logging.rb:71:in `block in tagged'
activesupport (5.2.4.1) lib/active_support/tagged_logging.rb:28:in `tagged'
activesupport (5.2.4.1) lib/active_support/tagged_logging.rb:71:in `tagged'
railties (5.2.4.1) lib/rails/rack/logger.rb:26:in `call'
sprockets-rails (3.2.1) lib/sprockets/rails/quiet_assets.rb:13:in `call'
actionpack (5.2.4.1) lib/action_dispatch/middleware/remote_ip.rb:81:in `call'
actionpack (5.2.4.1) lib/action_dispatch/middleware/request_id.rb:27:in `call'
rack (2.0.8) lib/rack/method_override.rb:22:in `call'
rack (2.0.8) lib/rack/runtime.rb:22:in `call'
activesupport (5.2.4.1) lib/active_support/cache/strategy/local_cache_middleware.rb:29:in `call'
actionpack (5.2.4.1) lib/action_dispatch/middleware/executor.rb:14:in `call'
actionpack (5.2.4.1) lib/action_dispatch/middleware/static.rb:127:in `call'
rack (2.0.8) lib/rack/sendfile.rb:111:in `call'
railties (5.2.4.1) lib/rails/engine.rb:524:in `call'
puma (3.12.2) lib/puma/configuration.rb:227:in `call'
puma (3.12.2) lib/puma/server.rb:674:in `handle_request'
puma (3.12.2) lib/puma/server.rb:476:in `process_client'
puma (3.12.2) lib/puma/server.rb:334:in `block in run'
puma (3.12.2) lib/puma/thread_pool.rb:135:in `block in spawn_thread'
Started GET "/signup" for 127.0.0.1 at 2019-12-30 07:15:13 +0200
Processing by UsersController#new as HTML
  Rendering users/new.html.erb within layouts/application
  Rendered users/new.html.erb within layouts/application (1.3ms)
Completed 500 Internal Server Error in 37ms (ActiveRecord: 1.3ms)


  
SyntaxError (/home/tresor/members-only/app/views/users/new.html.erb:4: syntax error, unexpected ',', expecting ')'
...buffer.append=( f.label (:name, "name") );@output_buffer.saf...
...                              ^
/home/tresor/members-only/app/views/users/new.html.erb:4: syntax error, unexpected ')', expecting end
...end=( f.label (:name, "name") );@output_buffer.safe_append='
...                              ^
/home/tresor/members-only/app/views/users/new.html.erb:7: syntax error, unexpected ',', expecting ')'
...uffer.append=( f.label (:email, "email") );@output_buffer.sa...
...                              ^
/home/tresor/members-only/app/views/users/new.html.erb:7: syntax error, unexpected ')', expecting end
...d=( f.label (:email, "email") );@output_buffer.safe_append='
...                              ^
/home/tresor/members-only/app/views/users/new.html.erb:10: syntax error, unexpected ',', expecting ')'
...er.append=( f.label (:password, "password") );@output_buffer...
...                              ^
/home/tresor/members-only/app/views/users/new.html.erb:10: syntax error, unexpected ')', expecting end
...label (:password, "password") );@output_buffer.safe_append='
...                              ^
/home/tresor/members-only/app/views/users/new.html.erb:13: syntax error, unexpected ',', expecting ')'
....label (:password_confirmation, "text") );@output_buffer.saf...
...                              ^
/home/tresor/members-only/app/views/users/new.html.erb:13: syntax error, unexpected ')', expecting end
...assword_confirmation, "text") );@output_buffer.safe_append='
...                              ^
/home/tresor/members-only/app/views/users/new.html.erb:17: syntax error, unexpected ensure, expecting end-of-input
          ensure
          ^~~~~~):
  
app/views/users/new.html.erb:4: syntax error, unexpected ',', expecting ')'
app/views/users/new.html.erb:4: syntax error, unexpected ')', expecting end
app/views/users/new.html.erb:7: syntax error, unexpected ',', expecting ')'
app/views/users/new.html.erb:7: syntax error, unexpected ')', expecting end
app/views/users/new.html.erb:10: syntax error, unexpected ',', expecting ')'
app/views/users/new.html.erb:10: syntax error, unexpected ')', expecting end
app/views/users/new.html.erb:13: syntax error, unexpected ',', expecting ')'
app/views/users/new.html.erb:13: syntax error, unexpected ')', expecting end
app/views/users/new.html.erb:17: syntax error, unexpected ensure, expecting end-of-input
Started GET "/signup" for 127.0.0.1 at 2019-12-30 07:17:46 +0200
Processing by UsersController#new as HTML
  Rendering users/new.html.erb within layouts/application
  Rendered users/new.html.erb within layouts/application (115.4ms)
Completed 200 OK in 152ms (Views: 150.8ms | ActiveRecord: 0.0ms)


Started GET "/signup" for 127.0.0.1 at 2019-12-30 07:22:56 +0200
Processing by UsersController#new as HTML
  Rendering users/new.html.erb within layouts/application
  Rendered users/new.html.erb within layouts/application (1.3ms)
Completed 500 Internal Server Error in 22ms (ActiveRecord: 1.4ms)


  
SyntaxError (/home/tresor/members-only/app/views/users/new.html.erb:16: syntax error, unexpected ')', expecting '.' or &. or :: or '['
...nd=( f.submit, "create acount");@output_buffer.safe_append='
...                              ^
/home/tresor/members-only/app/views/users/new.html.erb:17: syntax error, unexpected end, expecting ')'
'.freeze; end 
          ^~~
/home/tresor/members-only/app/views/users/new.html.erb:19: syntax error, unexpected ensure, expecting ')'
          ensure
          ^~~~~~
/home/tresor/members-only/app/views/users/new.html.erb:21: syntax error, unexpected end, expecting ')'
          end
          ^~~):
  
app/views/users/new.html.erb:16: syntax error, unexpected ')', expecting '.' or &. or :: or '['
app/views/users/new.html.erb:17: syntax error, unexpected end, expecting ')'
app/views/users/new.html.erb:19: syntax error, unexpected ensure, expecting ')'
app/views/users/new.html.erb:21: syntax error, unexpected end, expecting ')'
Started GET "/signup" for 127.0.0.1 at 2019-12-30 07:23:19 +0200
Processing by UsersController#new as HTML
  Rendering users/new.html.erb within layouts/application
  Rendered users/new.html.erb within layouts/application (3.8ms)
Completed 200 OK in 30ms (Views: 28.0ms | ActiveRecord: 0.0ms)


Started POST "/users" for 127.0.0.1 at 2019-12-30 07:23:49 +0200
Processing by UsersController#create as HTML
  Parameters: {"utf8"=>"✓", "authenticity_token"=>"vlpVNnxIAlauiP/Gkjz0HLp5VxcmDctfzrHzCPAOmwbjaJOGbdi4vNY3rWocfPD/VvUyD7BYe56LSgwkPDTHkg==", "user"=>{"name"=>"tresor", "email"=>"abc@gmail.com", "password"=>"[FILTERED]", "password_confirmation"=>"[FILTERED]"}, "commit"=>"create acount"}
Completed 500 Internal Server Error in 3ms (ActiveRecord: 0.0ms)


  
ActiveModel::UnknownAttributeError (unknown attribute 'password' for User.):
  
app/controllers/users_controller.rb:9:in `create'
Started POST "/users" for 127.0.0.1 at 2019-12-30 08:04:51 +0200
Processing by UsersController#create as HTML
  Parameters: {"utf8"=>"✓", "authenticity_token"=>"vlpVNnxIAlauiP/Gkjz0HLp5VxcmDctfzrHzCPAOmwbjaJOGbdi4vNY3rWocfPD/VvUyD7BYe56LSgwkPDTHkg==", "user"=>{"name"=>"tresor", "email"=>"abc@gmail.com", "password"=>"[FILTERED]", "password_confirmation"=>"[FILTERED]"}, "commit"=>"create acount"}
Completed 500 Internal Server Error in 16ms (ActiveRecord: 1.4ms)


  
ActiveModel::UnknownAttributeError (unknown attribute 'password' for User.):
  
app/controllers/users_controller.rb:9:in `create'
Started GET "/" for 127.0.0.1 at 2019-12-30 16:46:10 +0200
  [1m[35m (0.5ms)[0m  [1m[34mSELECT "schema_migrations"."version" FROM "schema_migrations" ORDER BY "schema_migrations"."version" ASC[0m
  ↳ /home/tresor/.rbenv/versions/2.6.4/lib/ruby/gems/2.6.0/gems/activerecord-5.2.4.1/lib/active_record/log_subscriber.rb:98
Processing by UsersController#index as HTML
  Rendering users/index.html.erb within layouts/application
  Rendered users/index.html.erb within layouts/application (15.6ms)
Completed 200 OK in 627ms (Views: 583.5ms | ActiveRecord: 0.0ms)


Started GET "/signup" for 127.0.0.1 at 2019-12-30 16:46:23 +0200
Processing by UsersController#new as HTML
  Rendering users/new.html.erb within layouts/application
  Rendered users/new.html.erb within layouts/application (56.3ms)
Completed 200 OK in 612ms (Views: 86.4ms | ActiveRecord: 2.0ms)


Started POST "/users" for 127.0.0.1 at 2019-12-30 16:47:33 +0200
Processing by UsersController#create as HTML
  Parameters: {"utf8"=>"✓", "authenticity_token"=>"ha/jMdTkFnrVWufLO57GviugAqE8ltUh921Cbi12wZXYnSWBxXSskK3ltWe13sJdxyxnuarDZeCylr1C4UydAQ==", "user"=>{"name"=>"tresor", "email"=>"treso@gmail.com", "password"=>"[FILTERED]", "password_confirmation"=>"[FILTERED]"}, "commit"=>"create acount"}
Completed 500 Internal Server Error in 2ms (ActiveRecord: 0.0ms)


  
ActiveModel::UnknownAttributeError (unknown attribute 'password' for User.):
  
app/controllers/users_controller.rb:9:in `create'
Started POST "/users" for 127.0.0.1 at 2019-12-30 16:51:27 +0200
Processing by UsersController#create as HTML
  Parameters: {"utf8"=>"✓", "authenticity_token"=>"ha/jMdTkFnrVWufLO57GviugAqE8ltUh921Cbi12wZXYnSWBxXSskK3ltWe13sJdxyxnuarDZeCylr1C4UydAQ==", "user"=>{"name"=>"tresor", "email"=>"treso@gmail.com", "password"=>"[FILTERED]", "password_confirmation"=>"[FILTERED]"}, "commit"=>"create acount"}
  [1m[35m (0.2ms)[0m  [1m[36mbegin transaction[0m
  ↳ app/controllers/users_controller.rb:10
  [1m[36mUser Create (68.1ms)[0m  [1m[32mINSERT INTO "users" ("name", "email", "created_at", "updated_at", "password_digest") VALUES (?, ?, ?, ?, ?)[0m  [["name", "tresor"], ["email", "treso@gmail.com"], ["created_at", "2019-12-30 14:51:27.549527"], ["updated_at", "2019-12-30 14:51:27.549527"], ["password_digest", "$2a$10$zfL92uEi1RAAroGeZpYgueQFP1MJsUp7Jel5B4eygsQ8707wzJJJa"]]
  ↳ app/controllers/users_controller.rb:10
  [1m[35m (96.2ms)[0m  [1m[36mcommit transaction[0m
  ↳ app/controllers/users_controller.rb:10
Redirected to http://localhost:3000/users/1
Completed 302 Found in 436ms (ActiveRecord: 166.6ms)


Started GET "/users/1" for 127.0.0.1 at 2019-12-30 16:51:27 +0200
  
AbstractController::ActionNotFound (The action 'show' could not be found for UsersController):
  
actionpack (5.2.4.1) lib/abstract_controller/base.rb:129:in `process'
actionview (5.2.4.1) lib/action_view/rendering.rb:32:in `process'
actionpack (5.2.4.1) lib/action_controller/metal.rb:191:in `dispatch'
actionpack (5.2.4.1) lib/action_controller/metal.rb:252:in `dispatch'
actionpack (5.2.4.1) lib/action_dispatch/routing/route_set.rb:52:in `dispatch'
actionpack (5.2.4.1) lib/action_dispatch/routing/route_set.rb:34:in `serve'
actionpack (5.2.4.1) lib/action_dispatch/journey/router.rb:52:in `block in serve'
actionpack (5.2.4.1) lib/action_dispatch/journey/router.rb:35:in `each'
actionpack (5.2.4.1) lib/action_dispatch/journey/router.rb:35:in `serve'
actionpack (5.2.4.1) lib/action_dispatch/routing/route_set.rb:840:in `call'
rack (2.0.8) lib/rack/tempfile_reaper.rb:15:in `call'
rack (2.0.8) lib/rack/etag.rb:25:in `call'
rack (2.0.8) lib/rack/conditional_get.rb:25:in `call'
rack (2.0.8) lib/rack/head.rb:12:in `call'
actionpack (5.2.4.1) lib/action_dispatch/http/content_security_policy.rb:18:in `call'
rack (2.0.8) lib/rack/session/abstract/id.rb:259:in `context'
rack (2.0.8) lib/rack/session/abstract/id.rb:253:in `call'
actionpack (5.2.4.1) lib/action_dispatch/middleware/cookies.rb:670:in `call'
activerecord (5.2.4.1) lib/active_record/migration.rb:559:in `call'
actionpack (5.2.4.1) lib/action_dispatch/middleware/callbacks.rb:28:in `block in call'
activesupport (5.2.4.1) lib/active_support/callbacks.rb:98:in `run_callbacks'
actionpack (5.2.4.1) lib/action_dispatch/middleware/callbacks.rb:26:in `call'
actionpack (5.2.4.1) lib/action_dispatch/middleware/executor.rb:14:in `call'
actionpack (5.2.4.1) lib/action_dispatch/middleware/debug_exceptions.rb:61:in `call'
web-console (3.7.0) lib/web_console/middleware.rb:135:in `call_app'
web-console (3.7.0) lib/web_console/middleware.rb:30:in `block in call'
web-console (3.7.0) lib/web_console/middleware.rb:20:in `catch'
web-console (3.7.0) lib/web_console/middleware.rb:20:in `call'
actionpack (5.2.4.1) lib/action_dispatch/middleware/show_exceptions.rb:33:in `call'
railties (5.2.4.1) lib/rails/rack/logger.rb:38:in `call_app'
railties (5.2.4.1) lib/rails/rack/logger.rb:26:in `block in call'
activesupport (5.2.4.1) lib/active_support/tagged_logging.rb:71:in `block in tagged'
activesupport (5.2.4.1) lib/active_support/tagged_logging.rb:28:in `tagged'
activesupport (5.2.4.1) lib/active_support/tagged_logging.rb:71:in `tagged'
railties (5.2.4.1) lib/rails/rack/logger.rb:26:in `call'
sprockets-rails (3.2.1) lib/sprockets/rails/quiet_assets.rb:13:in `call'
actionpack (5.2.4.1) lib/action_dispatch/middleware/remote_ip.rb:81:in `call'
actionpack (5.2.4.1) lib/action_dispatch/middleware/request_id.rb:27:in `call'
rack (2.0.8) lib/rack/method_override.rb:22:in `call'
rack (2.0.8) lib/rack/runtime.rb:22:in `call'
activesupport (5.2.4.1) lib/active_support/cache/strategy/local_cache_middleware.rb:29:in `call'
actionpack (5.2.4.1) lib/action_dispatch/middleware/executor.rb:14:in `call'
actionpack (5.2.4.1) lib/action_dispatch/middleware/static.rb:127:in `call'
rack (2.0.8) lib/rack/sendfile.rb:111:in `call'
railties (5.2.4.1) lib/rails/engine.rb:524:in `call'
puma (3.12.2) lib/puma/configuration.rb:227:in `call'
puma (3.12.2) lib/puma/server.rb:674:in `handle_request'
puma (3.12.2) lib/puma/server.rb:476:in `process_client'
puma (3.12.2) lib/puma/server.rb:334:in `block in run'
puma (3.12.2) lib/puma/thread_pool.rb:135:in `block in spawn_thread'
Started GET "/users/1" for 127.0.0.1 at 2019-12-30 16:55:20 +0200
Processing by UsersController#show as HTML
  Parameters: {"id"=>"1"}
  [1m[36mUser Load (0.7ms)[0m  [1m[34mSELECT  "users".* FROM "users" WHERE (1) LIMIT ?[0m  [["LIMIT", 1]]
  ↳ app/controllers/users_controller.rb:15
  Rendering users/show.html.erb within layouts/application
  Rendered users/show.html.erb within layouts/application (1.0ms)
Completed 200 OK in 133ms (Views: 74.9ms | ActiveRecord: 2.4ms)


Started GET "/login" for 127.0.0.1 at 2019-12-30 17:13:50 +0200
Processing by SessionsController#new as HTML
  Rendering sessions/new.html.erb within layouts/application
  Rendered sessions/new.html.erb within layouts/application (3.3ms)
Completed 200 OK in 1176ms (Views: 1137.4ms | ActiveRecord: 0.0ms)


Started GET "/" for 127.0.0.1 at 2019-12-30 17:21:35 +0200
Processing by UsersController#index as HTML
  Rendering users/index.html.erb within layouts/application
  Rendered users/index.html.erb within layouts/application (0.6ms)
Completed 200 OK in 4667ms (Views: 3358.9ms | ActiveRecord: 0.0ms)


Started GET "/signup" for 127.0.0.1 at 2019-12-30 17:22:06 +0200
Processing by UsersController#new as HTML
  Rendering users/new.html.erb within layouts/application
  Rendered users/new.html.erb within layouts/application (4.8ms)
Completed 200 OK in 236ms (Views: 56.4ms | ActiveRecord: 61.3ms)


Started POST "/users" for 127.0.0.1 at 2019-12-30 17:22:37 +0200
Processing by UsersController#create as HTML
  Parameters: {"utf8"=>"✓", "authenticity_token"=>"sm5yLoQKScKGh+ZroFR9Hi47AF+i2AIzijph3db499TvXLSelZrzKP44tMcuFHn9wrdlRzSNsvLPwZ7xGsKrQA==", "user"=>{"name"=>"ahmed", "email"=>"abc@gmail.com", "password"=>"[FILTERED]", "password_confirmation"=>"[FILTERED]"}, "commit"=>"create acount"}
  [1m[35m (0.1ms)[0m  [1m[36mbegin transaction[0m
  ↳ app/controllers/users_controller.rb:10
  [1m[36mUser Create (54.5ms)[0m  [1m[32mINSERT INTO "users" ("name", "email", "created_at", "updated_at", "password_digest") VALUES (?, ?, ?, ?, ?)[0m  [["name", "ahmed"], ["email", "abc@gmail.com"], ["created_at", "2019-12-30 15:22:37.515082"], ["updated_at", "2019-12-30 15:22:37.515082"], ["password_digest", "$2a$10$3/VXjBlYKOPdvUNoFXvgI.XL4c1Tq5xVGJShsgVmFiOoYVK59UZoK"]]
  ↳ app/controllers/users_controller.rb:10
  [1m[35m (227.5ms)[0m  [1m[36mcommit transaction[0m
  ↳ app/controllers/users_controller.rb:10
Redirected to http://localhost:3000/users/2
Completed 302 Found in 547ms (ActiveRecord: 282.1ms)


Started GET "/users/2" for 127.0.0.1 at 2019-12-30 17:22:37 +0200
Processing by UsersController#show as HTML
  Parameters: {"id"=>"2"}
  [1m[36mUser Load (1.9ms)[0m  [1m[34mSELECT  "users".* FROM "users" WHERE (2) LIMIT ?[0m  [["LIMIT", 1]]
  ↳ app/controllers/users_controller.rb:15
  Rendering users/show.html.erb within layouts/application
  Rendered users/show.html.erb within layouts/application (1.1ms)
Completed 200 OK in 78ms (Views: 39.5ms | ActiveRecord: 1.9ms)


Started GET "/login" for 127.0.0.1 at 2019-12-30 17:22:58 +0200
Processing by SessionsController#new as HTML
  Rendering sessions/new.html.erb within layouts/application
  Rendered sessions/new.html.erb within layouts/application (4.9ms)
Completed 200 OK in 86ms (Views: 50.3ms | ActiveRecord: 0.0ms)


Started POST "/login" for 127.0.0.1 at 2019-12-30 17:23:08 +0200
Processing by SessionsController#create as HTML
  Parameters: {"utf8"=>"✓", "authenticity_token"=>"MhjPQO2CKdOr0jZPT2z6OMyQttyJCMqRLAxuXPw1tDxvKgnw/BKTOdNtZOPBLP7bIBzTxB9delBp95FwMA/oqA==", "sessions"=>{"email"=>"abc@gmail.com", "password"=>"[FILTERED]"}, "commit"=>"Login"}
  [1m[36mUser Load (0.4ms)[0m  [1m[34mSELECT  "users".* FROM "users" WHERE "users"."email" = ? LIMIT ?[0m  [["email", "abc@gmail.com"], ["LIMIT", 1]]
  ↳ app/controllers/sessions_controller.rb:5
Redirected to http://localhost:3000/users/2
Completed 302 Found in 255ms (ActiveRecord: 0.4ms)


Started GET "/users/2" for 127.0.0.1 at 2019-12-30 17:23:10 +0200
Processing by UsersController#show as HTML
  Parameters: {"id"=>"2"}
  [1m[36mUser Load (0.4ms)[0m  [1m[34mSELECT  "users".* FROM "users" WHERE (2) LIMIT ?[0m  [["LIMIT", 1]]
  ↳ app/controllers/users_controller.rb:15
  Rendering users/show.html.erb within layouts/application
  Rendered users/show.html.erb within layouts/application (0.6ms)
Completed 200 OK in 43ms (Views: 39.3ms | ActiveRecord: 0.4ms)


  [1m[35m (0.3ms)[0m  [1m[34mSELECT "schema_migrations"."version" FROM "schema_migrations" ORDER BY "schema_migrations"."version" ASC[0m
  ↳ bin/rails:11
Migrating to AddIndexToUsersEmail (20191230160855)
  [1m[35m (0.1ms)[0m  [1m[36mbegin transaction[0m
  ↳ bin/rails:11
  [1m[35m (0.2ms)[0m  [1m[34mSELECT sqlite_version(*)[0m
  ↳ db/migrate/20191230160855_add_index_to_users_email.rb:3
  [1m[35m (1.7ms)[0m  [1m[35mCREATE UNIQUE INDEX "index_users_on_email" ON "users" ("email")[0m
  ↳ db/migrate/20191230160855_add_index_to_users_email.rb:3
  [1m[36mActiveRecord::SchemaMigration Create (0.4ms)[0m  [1m[32mINSERT INTO "schema_migrations" ("version") VALUES (?)[0m  [["version", "20191230160855"]]
  ↳ bin/rails:11
  [1m[35m (291.7ms)[0m  [1m[36mcommit transaction[0m
  ↳ bin/rails:11
Migrating to AddRememberDigestToUsers (20191230161052)
  [1m[35m (0.1ms)[0m  [1m[36mbegin transaction[0m
  ↳ bin/rails:11
  [1m[35m (1.5ms)[0m  [1m[35mALTER TABLE "users" ADD "remember_digest" varchar[0m
  ↳ db/migrate/20191230161052_add_remember_digest_to_users.rb:3
  [1m[36mActiveRecord::SchemaMigration Create (0.8ms)[0m  [1m[32mINSERT INTO "schema_migrations" ("version") VALUES (?)[0m  [["version", "20191230161052"]]
  ↳ bin/rails:11
  [1m[35m (15.6ms)[0m  [1m[36mcommit transaction[0m
  ↳ bin/rails:11
  [1m[36mActiveRecord::InternalMetadata Load (0.7ms)[0m  [1m[34mSELECT  "ar_internal_metadata".* FROM "ar_internal_metadata" WHERE "ar_internal_metadata"."key" = ? LIMIT ?[0m  [["key", "environment"], ["LIMIT", 1]]
  ↳ bin/rails:11
  [1m[35m (0.2ms)[0m  [1m[36mbegin transaction[0m
  ↳ bin/rails:11
  [1m[35m (0.1ms)[0m  [1m[36mcommit transaction[0m
  ↳ bin/rails:11
  [1m[35m (0.3ms)[0m  [1m[34mSELECT "schema_migrations"."version" FROM "schema_migrations" ORDER BY "schema_migrations"."version" ASC[0m
  ↳ bin/rails:11
  [1m[35m (0.1ms)[0m  [1m[36mbegin transaction[0m
  [1m[36mUser Exists (0.4ms)[0m  [1m[34mSELECT  1 AS one FROM "users" WHERE LOWER("users"."email") = LOWER(?) LIMIT ?[0m  [["email", "TrEsOr@gMAIL.com"], ["LIMIT", 1]]
  [1m[35m (0.1ms)[0m  [1m[31mrollback transaction[0m
  [1m[36mUser Load (0.3ms)[0m  [1m[34mSELECT  "users".* FROM "users" LIMIT ?[0m  [["LIMIT", 11]]
  [1m[35m (0.1ms)[0m  [1m[36mbegin transaction[0m
  [1m[36mUser Exists (0.4ms)[0m  [1m[34mSELECT  1 AS one FROM "users" WHERE LOWER("users"."email") = LOWER(?) LIMIT ?[0m  [["email", "ahmed@GMAIL.com"], ["LIMIT", 1]]
  [1m[35m (0.1ms)[0m  [1m[31mrollback transaction[0m
  [1m[35m (0.3ms)[0m  [1m[36mbegin transaction[0m
  [1m[36mUser Exists (0.6ms)[0m  [1m[34mSELECT  1 AS one FROM "users" WHERE LOWER("users"."email") = LOWER(?) LIMIT ?[0m  [["email", "hassan@gmail.com"], ["LIMIT", 1]]
  [1m[35m (0.1ms)[0m  [1m[31mrollback transaction[0m
  [1m[35m (0.1ms)[0m  [1m[36mbegin transaction[0m
  [1m[36mUser Exists (0.3ms)[0m  [1m[34mSELECT  1 AS one FROM "users" WHERE LOWER("users"."email") = LOWER(?) LIMIT ?[0m  [["email", "hassan@mm.com"], ["LIMIT", 1]]
  [1m[35m (0.1ms)[0m  [1m[31mrollback transaction[0m
  [1m[35m (0.1ms)[0m  [1m[36mbegin transaction[0m
  [1m[36mUser Exists (0.6ms)[0m  [1m[34mSELECT  1 AS one FROM "users" WHERE LOWER("users"."email") = LOWER(?) LIMIT ?[0m  [["email", "hassan@gmail.com"], ["LIMIT", 1]]
  [1m[35m (0.6ms)[0m  [1m[31mrollback transaction[0m
  [1m[35m (0.1ms)[0m  [1m[36mbegin transaction[0m
  [1m[36mUser Exists (0.2ms)[0m  [1m[34mSELECT  1 AS one FROM "users" WHERE LOWER("users"."email") = LOWER(?) LIMIT ?[0m  [["email", "hassan@gmail.com"], ["LIMIT", 1]]
  [1m[35m (0.1ms)[0m  [1m[31mrollback transaction[0m
  [1m[35m (0.1ms)[0m  [1m[36mbegin transaction[0m
  [1m[36mUser Exists (0.3ms)[0m  [1m[34mSELECT  1 AS one FROM "users" WHERE LOWER("users"."email") = LOWER(?) LIMIT ?[0m  [["email", "hassan@gmail.com"], ["LIMIT", 1]]
  [1m[35m (0.1ms)[0m  [1m[31mrollback transaction[0m
  [1m[35m (0.1ms)[0m  [1m[36mbegin transaction[0m
  [1m[36mUser Exists (0.3ms)[0m  [1m[34mSELECT  1 AS one FROM "users" WHERE LOWER("users"."email") = LOWER(?) LIMIT ?[0m  [["email", "AhMeD@GmAiL.com"], ["LIMIT", 1]]
  [1m[35m (0.1ms)[0m  [1m[31mrollback transaction[0m
  [1m[35m (0.1ms)[0m  [1m[36mbegin transaction[0m
  [1m[36mUser Exists (0.2ms)[0m  [1m[34mSELECT  1 AS one FROM "users" WHERE LOWER("users"."email") = LOWER(?) LIMIT ?[0m  [["email", "ABDI@GmAiL.com"], ["LIMIT", 1]]
  [1m[35m (0.1ms)[0m  [1m[31mrollback transaction[0m
  [1m[36mUser Load (0.3ms)[0m  [1m[34mSELECT  "users".* FROM "users" LIMIT ?[0m  [["LIMIT", 11]]
  [1m[35m (0.1ms)[0m  [1m[36mbegin transaction[0m
  [1m[36mUser Exists (0.2ms)[0m  [1m[34mSELECT  1 AS one FROM "users" WHERE LOWER("users"."email") = LOWER(?) LIMIT ?[0m  [["email", "sharmarke@gmail.com"], ["LIMIT", 1]]
  [1m[35m (0.1ms)[0m  [1m[31mrollback transaction[0m
  [1m[36mUser Load (0.4ms)[0m  [1m[34mSELECT  "users".* FROM "users" LIMIT ?[0m  [["LIMIT", 11]]
  [1m[35m (0.1ms)[0m  [1m[36mbegin transaction[0m
  [1m[36mUser Exists (0.3ms)[0m  [1m[34mSELECT  1 AS one FROM "users" WHERE LOWER("users"."email") = LOWER(?) LIMIT ?[0m  [["email", "sharmarke@gmail.com"], ["LIMIT", 1]]
  [1m[35m (0.1ms)[0m  [1m[31mrollback transaction[0m
  [1m[35m (0.1ms)[0m  [1m[36mbegin transaction[0m
  [1m[36mUser Exists (0.5ms)[0m  [1m[34mSELECT  1 AS one FROM "users" WHERE LOWER("users"."email") = LOWER(?) LIMIT ?[0m  [["email", "sharma@gmail.com"], ["LIMIT", 1]]
  [1m[35m (0.1ms)[0m  [1m[31mrollback transaction[0m
  [1m[36mUser Exists (0.3ms)[0m  [1m[34mSELECT  1 AS one FROM "users" WHERE LOWER("users"."email") = LOWER(?) LIMIT ?[0m  [["email", "sharma@gmail.com"], ["LIMIT", 1]]
  [1m[35m (0.1ms)[0m  [1m[36mbegin transaction[0m
  [1m[35m (0.1ms)[0m  [1m[31mrollback transaction[0m
  [1m[35m (0.3ms)[0m  [1m[34mSELECT "schema_migrations"."version" FROM "schema_migrations" ORDER BY "schema_migrations"."version" ASC[0m
  ↳ bin/rails:11
Migrating to RemoveIndexFromUsers (20191230165730)
  [1m[35m (0.1ms)[0m  [1m[36mbegin transaction[0m
  ↳ bin/rails:11
  [1m[35m (1.2ms)[0m  [1m[35mDROP INDEX "index_users_on_email"[0m
  ↳ db/migrate/20191230165730_remove_index_from_users.rb:3
  [1m[36mActiveRecord::SchemaMigration Create (0.4ms)[0m  [1m[32mINSERT INTO "schema_migrations" ("version") VALUES (?)[0m  [["version", "20191230165730"]]
  ↳ bin/rails:11
  [1m[35m (290.4ms)[0m  [1m[36mcommit transaction[0m
  ↳ bin/rails:11
  [1m[36mActiveRecord::InternalMetadata Load (0.3ms)[0m  [1m[34mSELECT  "ar_internal_metadata".* FROM "ar_internal_metadata" WHERE "ar_internal_metadata"."key" = ? LIMIT ?[0m  [["key", "environment"], ["LIMIT", 1]]
  ↳ bin/rails:11
  [1m[35m (0.1ms)[0m  [1m[36mbegin transaction[0m
  ↳ bin/rails:11
  [1m[35m (0.1ms)[0m  [1m[36mcommit transaction[0m
  ↳ bin/rails:11
  [1m[35m (0.3ms)[0m  [1m[34mSELECT "schema_migrations"."version" FROM "schema_migrations" ORDER BY "schema_migrations"."version" ASC[0m
  ↳ bin/rails:11
  [1m[35m (0.1ms)[0m  [1m[36mbegin transaction[0m
  [1m[36mUser Create (1.4ms)[0m  [1m[32mINSERT INTO "users" ("name", "email", "created_at", "updated_at", "password_digest") VALUES (?, ?, ?, ?, ?)[0m  [["name", "sharmarke"], ["email", "sharma@gmail.com"], ["created_at", "2019-12-30 17:00:50.878491"], ["updated_at", "2019-12-30 17:00:50.878491"], ["password_digest", "$2a$12$vwE33slxCW.FyoW6Mh8F2eBka1gWZAJ4nuYtxwQWjjBW0DQnmQ6q2"]]
  [1m[35m (293.5ms)[0m  [1m[36mcommit transaction[0m
  [1m[36mUser Load (0.3ms)[0m  [1m[34mSELECT  "users".* FROM "users" LIMIT ?[0m  [["LIMIT", 11]]
  [1m[35m (0.4ms)[0m  [1m[34mSELECT "schema_migrations"."version" FROM "schema_migrations" ORDER BY "schema_migrations"."version" ASC[0m
  ↳ bin/rails:11
Migrating to AddIndexToUsers (20191230170150)
  [1m[35m (0.1ms)[0m  [1m[36mbegin transaction[0m
  ↳ bin/rails:11
  [1m[35m (0.1ms)[0m  [1m[34mSELECT sqlite_version(*)[0m
  ↳ db/migrate/20191230170150_add_index_to_users.rb:3
  [1m[35m (1.2ms)[0m  [1m[35mCREATE UNIQUE INDEX "index_users_on_email" ON "users" ("email")[0m
  ↳ db/migrate/20191230170150_add_index_to_users.rb:3
  [1m[36mActiveRecord::SchemaMigration Create (0.3ms)[0m  [1m[32mINSERT INTO "schema_migrations" ("version") VALUES (?)[0m  [["version", "20191230170150"]]
  ↳ bin/rails:11
  [1m[35m (26.4ms)[0m  [1m[36mcommit transaction[0m
  ↳ bin/rails:11
  [1m[36mActiveRecord::InternalMetadata Load (0.6ms)[0m  [1m[34mSELECT  "ar_internal_metadata".* FROM "ar_internal_metadata" WHERE "ar_internal_metadata"."key" = ? LIMIT ?[0m  [["key", "environment"], ["LIMIT", 1]]
  ↳ bin/rails:11
  [1m[35m (0.1ms)[0m  [1m[36mbegin transaction[0m
  ↳ bin/rails:11
  [1m[35m (0.1ms)[0m  [1m[36mcommit transaction[0m
  ↳ bin/rails:11
  [1m[35m (0.3ms)[0m  [1m[34mSELECT "schema_migrations"."version" FROM "schema_migrations" ORDER BY "schema_migrations"."version" ASC[0m
  ↳ bin/rails:11
  [1m[35m (0.1ms)[0m  [1m[36mbegin transaction[0m
  [1m[36mUser Exists (0.6ms)[0m  [1m[34mSELECT  1 AS one FROM "users" WHERE LOWER("users"."email") = LOWER(?) LIMIT ?[0m  [["email", "haSSan@GmAiL.com"], ["LIMIT", 1]]
  [1m[36mUser Create (1.2ms)[0m  [1m[32mINSERT INTO "users" ("name", "email", "created_at", "updated_at", "password_digest", "remember_digest") VALUES (?, ?, ?, ?, ?, ?)[0m  [["name", "hassan"], ["email", "hassan@gmail.com"], ["created_at", "2019-12-30 17:04:34.335277"], ["updated_at", "2019-12-30 17:04:34.335277"], ["password_digest", "$2a$12$weIPCLu3G.ui4knwy.t7QO9tnEfDouiiJnCk3WDpk1tqaDVMiIqwS"], ["remember_digest", "$2a$12$BnqyqmkYalWjVv2hL5KbYOGlouHdz3MzxlOlYYM1jZQnySDe0MQo2"]]
  [1m[35m (298.0ms)[0m  [1m[36mcommit transaction[0m
  [1m[36mUser Load (3.0ms)[0m  [1m[34mSELECT  "users".* FROM "users" LIMIT ?[0m  [["LIMIT", 11]]
Started GET "/" for ::1 at 2019-12-30 20:32:21 +0300
  [1m[35m (0.3ms)[0m  [1m[34mSELECT "schema_migrations"."version" FROM "schema_migrations" ORDER BY "schema_migrations"."version" ASC[0m
  ↳ C:/Ruby26-x64/lib/ruby/gems/2.6.0/gems/activerecord-5.2.4.1/lib/active_record/log_subscriber.rb:98
Processing by SessionsController#new as HTML
  Rendering sessions/new.html.erb within layouts/application
  Rendered sessions/new.html.erb within layouts/application (62.6ms)
Completed 200 OK in 1976ms (Views: 1952.4ms | ActiveRecord: 0.0ms)


Started POST "/login" for ::1 at 2019-12-30 20:33:37 +0300
Processing by SessionsController#create as HTML
  Parameters: {"utf8"=>"✓", "authenticity_token"=>"DFyY2XauU+lu1l6w1gxekZqVigHzhaKmiczecrpFcwhbo6pJi+vHunao1r/e5X+0WV+bnvq0iKUhbzAxaU3tyg==", "sessions"=>{"email"=>"hassan@gmail.com", "password"=>"[FILTERED]"}, "commit"=>"Login"}
  [1m[36mUser Load (0.4ms)[0m  [1m[34mSELECT  "users".* FROM "users" WHERE "users"."email" = ? LIMIT ?[0m  [["email", "hassan@gmail.com"], ["LIMIT", 1]]
  ↳ app/controllers/sessions_controller.rb:7
Completed 500 Internal Server Error in 642ms (ActiveRecord: 6.7ms)


  
NoMethodError (undefined method `log_in' for #<SessionsController:0x000000000e87a858>
Did you mean?  login_url):
  
app/controllers/sessions_controller.rb:10:in `create'
Started GET "/" for ::1 at 2019-12-30 20:36:08 +0300
Processing by SessionsController#new as HTML
  Rendering sessions/new.html.erb within layouts/application
  Rendered sessions/new.html.erb within layouts/application (9.0ms)
Completed 200 OK in 366ms (Views: 363.3ms | ActiveRecord: 0.0ms)


Started POST "/login" for ::1 at 2019-12-30 20:36:16 +0300
Processing by SessionsController#create as HTML
  Parameters: {"utf8"=>"✓", "authenticity_token"=>"hqLEwN8DQ88hfsgp9Jyw+ecKLNBy3QEb7Yvt0rPI42vRXfZQIkbXnDkAQCb8dZHcJMA9T3vsKxhFKAORYMB9qQ==", "sessions"=>{"email"=>"hassan@gmail.com", "password"=>"[FILTERED]"}, "commit"=>"Login"}
  [1m[36mUser Load (0.4ms)[0m  [1m[34mSELECT  "users".* FROM "users" WHERE "users"."email" = ? LIMIT ?[0m  [["email", "hassan@gmail.com"], ["LIMIT", 1]]
  ↳ app/controllers/sessions_controller.rb:8
  [1m[35m (0.1ms)[0m  [1m[36mbegin transaction[0m
  ↳ app/models/user.rb:26
  [1m[36mUser Update (1.1ms)[0m  [1m[33mUPDATE "users" SET "remember_digest" = ?, "updated_at" = ? WHERE "users"."id" = ?[0m  [["remember_digest", "$2a$12$vqP6j/ShySIYT2BODSRmOOrFNHhSxgOmEm0XxX40LAjO0BrF6dqEC"], ["updated_at", "2019-12-30 17:36:16.982809"], ["id", 4]]
  ↳ app/models/user.rb:26
  [1m[35m (19.6ms)[0m  [1m[36mcommit transaction[0m
  ↳ app/models/user.rb:26
Redirected to http://localhost:3000/users/4
Completed 302 Found in 838ms (ActiveRecord: 22.6ms)


Started GET "/users/4" for ::1 at 2019-12-30 20:36:17 +0300
Processing by UsersController#show as HTML
  Parameters: {"id"=>"4"}
  [1m[36mUser Load (0.4ms)[0m  [1m[34mSELECT  "users".* FROM "users" WHERE (4) LIMIT ?[0m  [["LIMIT", 1]]
  ↳ app/controllers/users_controller.rb:17
  Rendering users/show.html.erb within layouts/application
  Rendered users/show.html.erb within layouts/application (0.5ms)
Completed 200 OK in 140ms (Views: 111.8ms | ActiveRecord: 0.4ms)


  [1m[36mUser Load (0.5ms)[0m  [1m[34mSELECT  "users".* FROM "users" WHERE "users"."id" = ? LIMIT ?[0m  [["id", 4], ["LIMIT", 1]]
Started GET "/users/4" for ::1 at 2019-12-30 20:38:31 +0300
Processing by UsersController#show as HTML
  Parameters: {"id"=>"4"}
  [1m[36mUser Load (0.4ms)[0m  [1m[34mSELECT  "users".* FROM "users" WHERE (4) LIMIT ?[0m  [["LIMIT", 1]]
  ↳ app/controllers/users_controller.rb:17
  Rendering users/show.html.erb within layouts/application
  Rendered users/show.html.erb within layouts/application (4.7ms)
Completed 500 Internal Server Error in 30ms (ActiveRecord: 0.4ms)


  
ActionView::Template::Error (undefined method `name' for nil:NilClass):
    1: <h2>welcome</h2>
    2: <h3> <%=@current_user.name%></h3>
  
app/views/users/show.html.erb:2:in `_app_views_users_show_html_erb__757245149_113171780'
Started GET "/users/4" for ::1 at 2019-12-30 20:40:21 +0300
Processing by UsersController#show as HTML
  Parameters: {"id"=>"4"}
  [1m[36mUser Load (0.3ms)[0m  [1m[34mSELECT  "users".* FROM "users" WHERE (4) LIMIT ?[0m  [["LIMIT", 1]]
  ↳ app/controllers/users_controller.rb:17
  Rendering users/show.html.erb within layouts/application
  [1m[36mUser Load (0.6ms)[0m  [1m[34mSELECT  "users".* FROM "users" WHERE "users"."id" = ? LIMIT ?[0m  [["id", 4], ["LIMIT", 1]]
  ↳ app/helpers/sessions_helper.rb:16
  Rendered users/show.html.erb within layouts/application (14.6ms)
Completed 200 OK in 153ms (Views: 133.8ms | ActiveRecord: 0.9ms)


Started GET "/users/4" for ::1 at 2019-12-30 20:49:05 +0300
Processing by UsersController#show as HTML
  Parameters: {"id"=>"4"}
  [1m[36mUser Load (1.0ms)[0m  [1m[34mSELECT  "users".* FROM "users" WHERE (4) LIMIT ?[0m  [["LIMIT", 1]]
  ↳ app/controllers/users_controller.rb:17
  Rendering users/show.html.erb within layouts/application
  [1m[36mUser Load (0.3ms)[0m  [1m[34mSELECT  "users".* FROM "users" WHERE "users"."id" = ? LIMIT ?[0m  [["id", 4], ["LIMIT", 1]]
  ↳ app/helpers/sessions_helper.rb:16
  Rendered users/show.html.erb within layouts/application (9.0ms)
Completed 200 OK in 166ms (Views: 125.3ms | ActiveRecord: 2.5ms)


Started DELETE "/logout" for ::1 at 2019-12-30 20:49:09 +0300
Processing by SessionsController#destroy as HTML
  Parameters: {"authenticity_token"=>"32IUmGSnPd+H9QgKCKRrPMVTjAo0NtilAFblTXyOilOInSYImeKpjJ+LgAUATUoZBpmdlT0H8qao9QsOr4YUkQ=="}
  [1m[36mUser Load (0.3ms)[0m  [1m[34mSELECT  "users".* FROM "users" WHERE "users"."id" = ? LIMIT ?[0m  [["id", 4], ["LIMIT", 1]]
  ↳ app/helpers/sessions_helper.rb:16
  [1m[35m (0.1ms)[0m  [1m[36mbegin transaction[0m
  ↳ app/models/user.rb:34
  [1m[36mUser Update (1.6ms)[0m  [1m[33mUPDATE "users" SET "remember_digest" = ?, "updated_at" = ? WHERE "users"."id" = ?[0m  [["remember_digest", nil], ["updated_at", "2019-12-30 17:49:09.719163"], ["id", 4]]
  ↳ app/models/user.rb:34
  [1m[35m (21.8ms)[0m  [1m[36mcommit transaction[0m
  ↳ app/models/user.rb:34
Redirected to http://localhost:3000/
Completed 302 Found in 36ms (ActiveRecord: 23.7ms)


Started GET "/" for ::1 at 2019-12-30 20:49:09 +0300
Processing by SessionsController#new as HTML
  Rendering sessions/new.html.erb within layouts/application
  Rendered sessions/new.html.erb within layouts/application (2.0ms)
Completed 200 OK in 167ms (Views: 163.9ms | ActiveRecord: 0.0ms)


Started GET "/" for 127.0.0.1 at 2019-12-31 06:47:54 +0200
Processing by SessionsController#new as HTML
  Rendering sessions/new.html.erb within layouts/application
  Rendered sessions/new.html.erb within layouts/application (61.3ms)
Completed 200 OK in 952ms (Views: 941.5ms | ActiveRecord: 0.0ms)


Started GET "/" for 127.0.0.1 at 2019-12-31 06:48:51 +0200
  
AbstractController::ActionNotFound (The action 'index' could not be found for SessionsController):
  
actionpack (5.2.4.1) lib/abstract_controller/base.rb:129:in `process'
actionview (5.2.4.1) lib/action_view/rendering.rb:32:in `process'
actionpack (5.2.4.1) lib/action_controller/metal.rb:191:in `dispatch'
actionpack (5.2.4.1) lib/action_controller/metal.rb:252:in `dispatch'
actionpack (5.2.4.1) lib/action_dispatch/routing/route_set.rb:52:in `dispatch'
actionpack (5.2.4.1) lib/action_dispatch/routing/route_set.rb:34:in `serve'
actionpack (5.2.4.1) lib/action_dispatch/journey/router.rb:52:in `block in serve'
actionpack (5.2.4.1) lib/action_dispatch/journey/router.rb:35:in `each'
actionpack (5.2.4.1) lib/action_dispatch/journey/router.rb:35:in `serve'
actionpack (5.2.4.1) lib/action_dispatch/routing/route_set.rb:840:in `call'
rack (2.0.8) lib/rack/tempfile_reaper.rb:15:in `call'
rack (2.0.8) lib/rack/etag.rb:25:in `call'
rack (2.0.8) lib/rack/conditional_get.rb:25:in `call'
rack (2.0.8) lib/rack/head.rb:12:in `call'
actionpack (5.2.4.1) lib/action_dispatch/http/content_security_policy.rb:18:in `call'
rack (2.0.8) lib/rack/session/abstract/id.rb:259:in `context'
rack (2.0.8) lib/rack/session/abstract/id.rb:253:in `call'
actionpack (5.2.4.1) lib/action_dispatch/middleware/cookies.rb:670:in `call'
activerecord (5.2.4.1) lib/active_record/migration.rb:559:in `call'
actionpack (5.2.4.1) lib/action_dispatch/middleware/callbacks.rb:28:in `block in call'
activesupport (5.2.4.1) lib/active_support/callbacks.rb:98:in `run_callbacks'
actionpack (5.2.4.1) lib/action_dispatch/middleware/callbacks.rb:26:in `call'
actionpack (5.2.4.1) lib/action_dispatch/middleware/executor.rb:14:in `call'
actionpack (5.2.4.1) lib/action_dispatch/middleware/debug_exceptions.rb:61:in `call'
web-console (3.7.0) lib/web_console/middleware.rb:135:in `call_app'
web-console (3.7.0) lib/web_console/middleware.rb:30:in `block in call'
web-console (3.7.0) lib/web_console/middleware.rb:20:in `catch'
web-console (3.7.0) lib/web_console/middleware.rb:20:in `call'
actionpack (5.2.4.1) lib/action_dispatch/middleware/show_exceptions.rb:33:in `call'
railties (5.2.4.1) lib/rails/rack/logger.rb:38:in `call_app'
railties (5.2.4.1) lib/rails/rack/logger.rb:26:in `block in call'
activesupport (5.2.4.1) lib/active_support/tagged_logging.rb:71:in `block in tagged'
activesupport (5.2.4.1) lib/active_support/tagged_logging.rb:28:in `tagged'
activesupport (5.2.4.1) lib/active_support/tagged_logging.rb:71:in `tagged'
railties (5.2.4.1) lib/rails/rack/logger.rb:26:in `call'
sprockets-rails (3.2.1) lib/sprockets/rails/quiet_assets.rb:13:in `call'
actionpack (5.2.4.1) lib/action_dispatch/middleware/remote_ip.rb:81:in `call'
actionpack (5.2.4.1) lib/action_dispatch/middleware/request_id.rb:27:in `call'
rack (2.0.8) lib/rack/method_override.rb:22:in `call'
rack (2.0.8) lib/rack/runtime.rb:22:in `call'
activesupport (5.2.4.1) lib/active_support/cache/strategy/local_cache_middleware.rb:29:in `call'
actionpack (5.2.4.1) lib/action_dispatch/middleware/executor.rb:14:in `call'
actionpack (5.2.4.1) lib/action_dispatch/middleware/static.rb:127:in `call'
rack (2.0.8) lib/rack/sendfile.rb:111:in `call'
railties (5.2.4.1) lib/rails/engine.rb:524:in `call'
puma (3.12.2) lib/puma/configuration.rb:227:in `call'
puma (3.12.2) lib/puma/server.rb:674:in `handle_request'
puma (3.12.2) lib/puma/server.rb:476:in `process_client'
puma (3.12.2) lib/puma/server.rb:334:in `block in run'
puma (3.12.2) lib/puma/thread_pool.rb:135:in `block in spawn_thread'
Started GET "/" for 127.0.0.1 at 2019-12-31 06:55:37 +0200
Processing by UsersController#index as HTML
  Rendering users/index.html.erb within layouts/application
  Rendered users/index.html.erb within layouts/application (0.9ms)
Completed 500 Internal Server Error in 559ms (ActiveRecord: 0.0ms)


  
ActionView::Template::Error (File to import not found or unreadable: bootstrap-sprockets.
Load paths:
  /home/tresor/members-only/app/assets/config
  /home/tresor/members-only/app/assets/images
  /home/tresor/members-only/app/assets/javascripts
  /home/tresor/members-only/app/assets/stylesheets
  /home/tresor/.rbenv/versions/2.6.4/lib/ruby/gems/2.6.0/gems/coffee-rails-4.2.2/lib/assets/javascripts
  /home/tresor/.rbenv/versions/2.6.4/lib/ruby/gems/2.6.0/gems/actioncable-5.2.4.1/lib/assets/compiled
  /home/tresor/.rbenv/versions/2.6.4/lib/ruby/gems/2.6.0/gems/activestorage-5.2.4.1/app/assets/javascripts
  /home/tresor/.rbenv/versions/2.6.4/lib/ruby/gems/2.6.0/gems/actionview-5.2.4.1/lib/assets/compiled
  /home/tresor/.rbenv/versions/2.6.4/lib/ruby/gems/2.6.0/gems/turbolinks-source-5.2.0/lib/assets/javascripts
  /home/tresor/members-only/node_modules):
     5:     <%= csrf_meta_tags %>
     6:     <%= csp_meta_tag %>
     7: 
     8:     <%= stylesheet_link_tag    'application', media: 'all', 'data-turbolinks-track': 'reload' %>
     9:     <%= javascript_include_tag 'application', 'data-turbolinks-track': 'reload' %>
    10:   </head>
    11: 
  
app/assets/stylesheets/users.scss:5
app/views/layouts/application.html.erb:8:in `_app_views_layouts_application_html_erb__2162132173844492705_69941731290660'
Started GET "/" for 127.0.0.1 at 2019-12-31 06:57:05 +0200
Processing by UsersController#index as HTML
  Rendering users/index.html.erb within layouts/application
  Rendered users/index.html.erb within layouts/application (0.7ms)
Completed 500 Internal Server Error in 25ms (ActiveRecord: 0.0ms)


  
ActionView::Template::Error (File to import not found or unreadable: bootstrap-sprockets.
Load paths:
  /home/tresor/members-only/app/assets/config
  /home/tresor/members-only/app/assets/images
  /home/tresor/members-only/app/assets/javascripts
  /home/tresor/members-only/app/assets/stylesheets
  /home/tresor/.rbenv/versions/2.6.4/lib/ruby/gems/2.6.0/gems/coffee-rails-4.2.2/lib/assets/javascripts
  /home/tresor/.rbenv/versions/2.6.4/lib/ruby/gems/2.6.0/gems/actioncable-5.2.4.1/lib/assets/compiled
  /home/tresor/.rbenv/versions/2.6.4/lib/ruby/gems/2.6.0/gems/activestorage-5.2.4.1/app/assets/javascripts
  /home/tresor/.rbenv/versions/2.6.4/lib/ruby/gems/2.6.0/gems/actionview-5.2.4.1/lib/assets/compiled
  /home/tresor/.rbenv/versions/2.6.4/lib/ruby/gems/2.6.0/gems/turbolinks-source-5.2.0/lib/assets/javascripts
  /home/tresor/members-only/node_modules):
     5:     <%= csrf_meta_tags %>
     6:     <%= csp_meta_tag %>
     7: 
     8:     <%= stylesheet_link_tag    'application', media: 'all', 'data-turbolinks-track': 'reload' %>
     9:     <%= javascript_include_tag 'application', 'data-turbolinks-track': 'reload' %>
    10:   </head>
    11: 
  
app/assets/stylesheets/style.scss:2
app/views/layouts/application.html.erb:8:in `_app_views_layouts_application_html_erb__2162132173844492705_69941673468540'
Started GET "/" for 127.0.0.1 at 2019-12-31 07:00:22 +0200
Processing by UsersController#index as HTML
  Rendering users/index.html.erb within layouts/application
  Rendered users/index.html.erb within layouts/application (30.9ms)
Completed 500 Internal Server Error in 1325ms (ActiveRecord: 0.0ms)


  
ActionView::Template::Error (File to import not found or unreadable: bootstrap.
Load paths:
  /home/tresor/members-only/app/assets/config
  /home/tresor/members-only/app/assets/images
  /home/tresor/members-only/app/assets/javascripts
  /home/tresor/members-only/app/assets/stylesheets
  /home/tresor/.rbenv/versions/2.6.4/lib/ruby/gems/2.6.0/gems/coffee-rails-4.2.2/lib/assets/javascripts
  /home/tresor/.rbenv/versions/2.6.4/lib/ruby/gems/2.6.0/gems/actioncable-5.2.4.1/lib/assets/compiled
  /home/tresor/.rbenv/versions/2.6.4/lib/ruby/gems/2.6.0/gems/activestorage-5.2.4.1/app/assets/javascripts
  /home/tresor/.rbenv/versions/2.6.4/lib/ruby/gems/2.6.0/gems/actionview-5.2.4.1/lib/assets/compiled
  /home/tresor/.rbenv/versions/2.6.4/lib/ruby/gems/2.6.0/gems/turbolinks-source-5.2.0/lib/assets/javascripts
  /home/tresor/members-only/node_modules):
     5:     <%= csrf_meta_tags %>
     6:     <%= csp_meta_tag %>
     7: 
     8:     <%= stylesheet_link_tag    'application', media: 'all', 'data-turbolinks-track': 'reload' %>
     9:     <%= javascript_include_tag 'application', 'data-turbolinks-track': 'reload' %>
    10:   </head>
    11: 
  
app/assets/stylesheets/style.scss:1
app/views/layouts/application.html.erb:8:in `_app_views_layouts_application_html_erb__2162132173844492705_69941737706840'
Started GET "/" for 127.0.0.1 at 2019-12-31 07:11:00 +0200
Processing by UsersController#index as HTML
  Rendering users/index.html.erb within layouts/application
  Rendered users/index.html.erb within layouts/application (0.9ms)
Completed 500 Internal Server Error in 596ms (ActiveRecord: 0.0ms)


  
ActionView::Template::Error (File to import not found or unreadable: bootstrap.
Load paths:
  /home/tresor/members-only/app/assets/config
  /home/tresor/members-only/app/assets/images
  /home/tresor/members-only/app/assets/javascripts
  /home/tresor/members-only/app/assets/stylesheets
  /home/tresor/.rbenv/versions/2.6.4/lib/ruby/gems/2.6.0/gems/coffee-rails-4.2.2/lib/assets/javascripts
  /home/tresor/.rbenv/versions/2.6.4/lib/ruby/gems/2.6.0/gems/actioncable-5.2.4.1/lib/assets/compiled
  /home/tresor/.rbenv/versions/2.6.4/lib/ruby/gems/2.6.0/gems/activestorage-5.2.4.1/app/assets/javascripts
  /home/tresor/.rbenv/versions/2.6.4/lib/ruby/gems/2.6.0/gems/actionview-5.2.4.1/lib/assets/compiled
  /home/tresor/.rbenv/versions/2.6.4/lib/ruby/gems/2.6.0/gems/turbolinks-source-5.2.0/lib/assets/javascripts
  /home/tresor/members-only/node_modules):
     5:     <%= csrf_meta_tags %>
     6:     <%= csp_meta_tag %>
     7: 
     8:     <%= stylesheet_link_tag    'application', media: 'all', 'data-turbolinks-track': 'reload' %>
     9:     <%= javascript_include_tag 'application', 'data-turbolinks-track': 'reload' %>
    10:   </head>
    11: 
  
app/assets/stylesheets/style.scss:1
app/views/layouts/application.html.erb:8:in `_app_views_layouts_application_html_erb__2162132173844492705_69941733931800'
Started GET "/" for 127.0.0.1 at 2019-12-31 07:11:30 +0200
Processing by UsersController#index as HTML
  Rendering users/index.html.erb within layouts/application
  Rendered users/index.html.erb within layouts/application (0.5ms)
Completed 200 OK in 273ms (Views: 271.0ms | ActiveRecord: 0.0ms)


Started GET "/" for 127.0.0.1 at 2019-12-31 07:18:06 +0200
Processing by UsersController#index as HTML
  Rendering users/index.html.erb within layouts/application
  Rendered users/index.html.erb within layouts/application (1.4ms)
Completed 200 OK in 54ms (Views: 52.4ms | ActiveRecord: 0.0ms)


Started POST "/login" for 127.0.0.1 at 2019-12-31 07:18:13 +0200
Processing by SessionsController#create as HTML
  Parameters: {"authenticity_token"=>"1dJHoTCXO4hKPMpVJCmlFHaoxIKd08WSkj0fmQ47VqOI4IERIQeBYjKDmPmqaaH3miShmguGdVPXxuC1wgEKNw=="}
Completed 500 Internal Server Error in 52ms (ActiveRecord: 0.0ms)


  
NoMethodError (undefined method `[]' for nil:NilClass):
  
app/controllers/sessions_controller.rb:7:in `create'
Started POST "/signup" for 127.0.0.1 at 2019-12-31 07:18:37 +0200
  
ActionController::RoutingError (No route matches [POST] "/signup"):
  
actionpack (5.2.4.1) lib/action_dispatch/middleware/debug_exceptions.rb:65:in `call'
web-console (3.7.0) lib/web_console/middleware.rb:135:in `call_app'
web-console (3.7.0) lib/web_console/middleware.rb:30:in `block in call'
web-console (3.7.0) lib/web_console/middleware.rb:20:in `catch'
web-console (3.7.0) lib/web_console/middleware.rb:20:in `call'
actionpack (5.2.4.1) lib/action_dispatch/middleware/show_exceptions.rb:33:in `call'
railties (5.2.4.1) lib/rails/rack/logger.rb:38:in `call_app'
railties (5.2.4.1) lib/rails/rack/logger.rb:26:in `block in call'
activesupport (5.2.4.1) lib/active_support/tagged_logging.rb:71:in `block in tagged'
activesupport (5.2.4.1) lib/active_support/tagged_logging.rb:28:in `tagged'
activesupport (5.2.4.1) lib/active_support/tagged_logging.rb:71:in `tagged'
railties (5.2.4.1) lib/rails/rack/logger.rb:26:in `call'
sprockets-rails (3.2.1) lib/sprockets/rails/quiet_assets.rb:13:in `call'
actionpack (5.2.4.1) lib/action_dispatch/middleware/remote_ip.rb:81:in `call'
actionpack (5.2.4.1) lib/action_dispatch/middleware/request_id.rb:27:in `call'
rack (2.0.8) lib/rack/method_override.rb:22:in `call'
rack (2.0.8) lib/rack/runtime.rb:22:in `call'
activesupport (5.2.4.1) lib/active_support/cache/strategy/local_cache_middleware.rb:29:in `call'
actionpack (5.2.4.1) lib/action_dispatch/middleware/executor.rb:14:in `call'
actionpack (5.2.4.1) lib/action_dispatch/middleware/static.rb:127:in `call'
rack (2.0.8) lib/rack/sendfile.rb:111:in `call'
railties (5.2.4.1) lib/rails/engine.rb:524:in `call'
puma (3.12.2) lib/puma/configuration.rb:227:in `call'
puma (3.12.2) lib/puma/server.rb:674:in `handle_request'
puma (3.12.2) lib/puma/server.rb:476:in `process_client'
puma (3.12.2) lib/puma/server.rb:334:in `block in run'
puma (3.12.2) lib/puma/thread_pool.rb:135:in `block in spawn_thread'
Started POST "/login" for 127.0.0.1 at 2019-12-31 07:18:51 +0200
Processing by SessionsController#create as HTML
  Parameters: {"authenticity_token"=>"1dJHoTCXO4hKPMpVJCmlFHaoxIKd08WSkj0fmQ47VqOI4IERIQeBYjKDmPmqaaH3miShmguGdVPXxuC1wgEKNw=="}
Completed 500 Internal Server Error in 2ms (ActiveRecord: 0.0ms)


  
NoMethodError (undefined method `[]' for nil:NilClass):
  
app/controllers/sessions_controller.rb:7:in `create'
Started GET "/" for 127.0.0.1 at 2019-12-31 07:20:05 +0200
Processing by UsersController#index as HTML
  Rendering users/index.html.erb within layouts/application
  Rendered users/index.html.erb within layouts/application (1.7ms)
Completed 200 OK in 1729ms (Views: 1727.6ms | ActiveRecord: 0.0ms)


  [1m[35m (0.2ms)[0m  [1m[34mSELECT "schema_migrations"."version" FROM "schema_migrations" ORDER BY "schema_migrations"."version" ASC[0m
  ↳ bin/rails:11
  [1m[35m (1.9ms)[0m  [1m[34mSELECT "ar_internal_metadata"."value" FROM "ar_internal_metadata" WHERE "ar_internal_metadata"."key" = ?[0m  [["key", "environment"]]
  ↳ bin/rails:11
  [1m[35m (0.2ms)[0m  [1m[34mSELECT "schema_migrations"."version" FROM "schema_migrations" ORDER BY "schema_migrations"."version" ASC[0m
  ↳ bin/rails:11
  [1m[35m (0.2ms)[0m  [1m[34mSELECT "ar_internal_metadata"."value" FROM "ar_internal_metadata" WHERE "ar_internal_metadata"."key" = ?[0m  [["key", "environment"]]
  ↳ bin/rails:11
  [1m[35m (0.2ms)[0m  [1m[34mSELECT "schema_migrations"."version" FROM "schema_migrations" ORDER BY "schema_migrations"."version" ASC[0m
  ↳ bin/rails:11
  [1m[35m (0.2ms)[0m  [1m[34mSELECT "ar_internal_metadata"."value" FROM "ar_internal_metadata" WHERE "ar_internal_metadata"."key" = ?[0m  [["key", "environment"]]
  ↳ bin/rails:11
  [1m[35m (0.2ms)[0m  [1m[35mDROP TABLE IF EXISTS "users"[0m
  ↳ db/schema.rb:15
  [1m[35m (0.2ms)[0m  [1m[34mSELECT sqlite_version(*)[0m
  ↳ db/schema.rb:15
  [1m[35m (308.2ms)[0m  [1m[35mCREATE TABLE "users" ("id" integer PRIMARY KEY AUTOINCREMENT NOT NULL, "name" varchar, "email" varchar, "created_at" datetime NOT NULL, "updated_at" datetime NOT NULL, "password_digest" varchar, "remember_digest" varchar)[0m
  ↳ db/schema.rb:15
  [1m[35m (183.6ms)[0m  [1m[35mCREATE UNIQUE INDEX "index_users_on_email" ON "users" ("email")[0m
  ↳ db/schema.rb:15
  [1m[35m (195.0ms)[0m  [1m[35mCREATE TABLE "schema_migrations" ("version" varchar NOT NULL PRIMARY KEY)[0m
  ↳ db/schema.rb:13
  [1m[35m (0.5ms)[0m  [1m[34mSELECT "schema_migrations"."version" FROM "schema_migrations" ORDER BY "schema_migrations"."version" ASC[0m
  ↳ db/schema.rb:13
  [1m[35m (139.9ms)[0m  [1m[32mINSERT INTO "schema_migrations" (version) VALUES (20191230170150)[0m
  ↳ db/schema.rb:13
  [1m[35m (141.6ms)[0m  [1m[32mINSERT INTO "schema_migrations" (version) VALUES
(20191230165730),
(20191230035206),
(20191230161052),
(20191230160855),
(20191230041857);

[0m
  ↳ db/schema.rb:13
  [1m[35m (179.3ms)[0m  [1m[35mCREATE TABLE "ar_internal_metadata" ("key" varchar NOT NULL PRIMARY KEY, "value" varchar, "created_at" datetime NOT NULL, "updated_at" datetime NOT NULL)[0m
  ↳ db/schema.rb:13
  [1m[36mActiveRecord::InternalMetadata Load (0.5ms)[0m  [1m[34mSELECT  "ar_internal_metadata".* FROM "ar_internal_metadata" WHERE "ar_internal_metadata"."key" = ? LIMIT ?[0m  [["key", "environment"], ["LIMIT", 1]]
  ↳ db/schema.rb:13
  [1m[35m (0.1ms)[0m  [1m[36mbegin transaction[0m
  ↳ db/schema.rb:13
  [1m[36mActiveRecord::InternalMetadata Create (0.3ms)[0m  [1m[32mINSERT INTO "ar_internal_metadata" ("key", "value", "created_at", "updated_at") VALUES (?, ?, ?, ?)[0m  [["key", "environment"], ["value", "development"], ["created_at", "2019-12-31 05:58:40.491418"], ["updated_at", "2019-12-31 05:58:40.491418"]]
  ↳ db/schema.rb:13
  [1m[35m (144.9ms)[0m  [1m[36mcommit transaction[0m
  ↳ db/schema.rb:13
  [1m[36mActiveRecord::InternalMetadata Load (0.3ms)[0m  [1m[34mSELECT  "ar_internal_metadata".* FROM "ar_internal_metadata" WHERE "ar_internal_metadata"."key" = ? LIMIT ?[0m  [["key", "environment"], ["LIMIT", 1]]
  ↳ bin/rails:11
  [1m[35m (0.2ms)[0m  [1m[36mbegin transaction[0m
  ↳ bin/rails:11
  [1m[35m (0.2ms)[0m  [1m[36mcommit transaction[0m
  ↳ bin/rails:11
  [1m[35m (0.2ms)[0m  [1m[35mDROP TABLE IF EXISTS "users"[0m
  ↳ db/schema.rb:15
  [1m[35m (0.2ms)[0m  [1m[34mSELECT sqlite_version(*)[0m
  ↳ db/schema.rb:15
  [1m[35m (209.3ms)[0m  [1m[35mCREATE TABLE "users" ("id" integer PRIMARY KEY AUTOINCREMENT NOT NULL, "name" varchar, "email" varchar, "created_at" datetime NOT NULL, "updated_at" datetime NOT NULL, "password_digest" varchar, "remember_digest" varchar)[0m
  ↳ db/schema.rb:15
  [1m[35m (130.6ms)[0m  [1m[35mCREATE UNIQUE INDEX "index_users_on_email" ON "users" ("email")[0m
  ↳ db/schema.rb:15
  [1m[35m (187.3ms)[0m  [1m[35mCREATE TABLE "schema_migrations" ("version" varchar NOT NULL PRIMARY KEY)[0m
  ↳ db/schema.rb:13
  [1m[35m (0.4ms)[0m  [1m[34mSELECT "schema_migrations"."version" FROM "schema_migrations" ORDER BY "schema_migrations"."version" ASC[0m
  ↳ db/schema.rb:13
  [1m[35m (126.5ms)[0m  [1m[32mINSERT INTO "schema_migrations" (version) VALUES (20191230170150)[0m
  ↳ db/schema.rb:13
  [1m[35m (148.3ms)[0m  [1m[32mINSERT INTO "schema_migrations" (version) VALUES
(20191230165730),
(20191230035206),
(20191230161052),
(20191230160855),
(20191230041857);

[0m
  ↳ db/schema.rb:13
  [1m[35m (130.2ms)[0m  [1m[35mCREATE TABLE "ar_internal_metadata" ("key" varchar NOT NULL PRIMARY KEY, "value" varchar, "created_at" datetime NOT NULL, "updated_at" datetime NOT NULL)[0m
  ↳ db/schema.rb:13
  [1m[36mActiveRecord::InternalMetadata Load (1.6ms)[0m  [1m[34mSELECT  "ar_internal_metadata".* FROM "ar_internal_metadata" WHERE "ar_internal_metadata"."key" = ? LIMIT ?[0m  [["key", "environment"], ["LIMIT", 1]]
  ↳ db/schema.rb:13
  [1m[35m (0.1ms)[0m  [1m[36mbegin transaction[0m
  ↳ db/schema.rb:13
  [1m[36mActiveRecord::InternalMetadata Create (0.3ms)[0m  [1m[32mINSERT INTO "ar_internal_metadata" ("key", "value", "created_at", "updated_at") VALUES (?, ?, ?, ?)[0m  [["key", "environment"], ["value", "development"], ["created_at", "2019-12-31 05:58:41.678303"], ["updated_at", "2019-12-31 05:58:41.678303"]]
  ↳ db/schema.rb:13
  [1m[35m (66.2ms)[0m  [1m[36mcommit transaction[0m
  ↳ db/schema.rb:13
  [1m[36mActiveRecord::InternalMetadata Load (0.3ms)[0m  [1m[34mSELECT  "ar_internal_metadata".* FROM "ar_internal_metadata" WHERE "ar_internal_metadata"."key" = ? LIMIT ?[0m  [["key", "environment"], ["LIMIT", 1]]
  ↳ bin/rails:11
  [1m[35m (0.1ms)[0m  [1m[36mbegin transaction[0m
  ↳ bin/rails:11
  [1m[36mActiveRecord::InternalMetadata Update (0.7ms)[0m  [1m[33mUPDATE "ar_internal_metadata" SET "value" = ?, "updated_at" = ? WHERE "ar_internal_metadata"."key" = ?[0m  [["value", "test"], ["updated_at", "2019-12-31 05:58:41.752990"], ["key", "environment"]]
  ↳ bin/rails:11
  [1m[35m (89.5ms)[0m  [1m[36mcommit transaction[0m
  ↳ bin/rails:11
  [1m[35m (0.3ms)[0m  [1m[34mSELECT "schema_migrations"."version" FROM "schema_migrations" ORDER BY "schema_migrations"."version" ASC[0m
  ↳ bin/rails:11
  [1m[36mUser Load (0.9ms)[0m  [1m[34mSELECT  "users".* FROM "users" LIMIT ?[0m  [["LIMIT", 11]]
Started GET "/" for 127.0.0.1 at 2019-12-31 08:00:07 +0200
Processing by UsersController#index as HTML
  Rendering users/index.html.erb within layouts/application
  Rendered users/index.html.erb within layouts/application (1.5ms)
Completed 200 OK in 707ms (Views: 685.8ms | ActiveRecord: 0.0ms)


Started GET "/signup" for 127.0.0.1 at 2019-12-31 08:00:26 +0200
Processing by UsersController#new as HTML
  Rendering users/new.html.erb within layouts/application
  Rendered users/new.html.erb within layouts/application (3.6ms)
Completed 200 OK in 54ms (Views: 27.1ms | ActiveRecord: 1.6ms)


Started GET "/signup" for 127.0.0.1 at 2019-12-31 08:01:06 +0200
Processing by UsersController#new as HTML
  Rendering users/new.html.erb within layouts/application
  Rendered users/new.html.erb within layouts/application (2.7ms)
Completed 200 OK in 1140ms (Views: 1136.3ms | ActiveRecord: 0.0ms)


Started GET "/signup" for 127.0.0.1 at 2019-12-31 08:01:44 +0200
Processing by UsersController#new as HTML
  Rendering users/new.html.erb within layouts/application
  Rendered users/new.html.erb within layouts/application (4.6ms)
Completed 200 OK in 59ms (Views: 56.6ms | ActiveRecord: 0.0ms)


Started GET "/signup" for 127.0.0.1 at 2019-12-31 08:02:15 +0200
Processing by UsersController#new as HTML
  Rendering users/new.html.erb within layouts/application
  Rendered users/new.html.erb within layouts/application (4.7ms)
Completed 200 OK in 43ms (Views: 41.1ms | ActiveRecord: 0.0ms)


Started GET "/signup" for 127.0.0.1 at 2019-12-31 08:02:34 +0200
Processing by UsersController#new as HTML
  Rendering users/new.html.erb within layouts/application
  Rendered users/new.html.erb within layouts/application (3.1ms)
Completed 200 OK in 36ms (Views: 33.1ms | ActiveRecord: 0.0ms)


Started POST "/users" for 127.0.0.1 at 2019-12-31 08:03:26 +0200
Processing by UsersController#create as HTML
  Parameters: {"utf8"=>"✓", "authenticity_token"=>"qwgE+/Je1rjR7gFnNCPeOh+WNR1VjdM8dvvDx09zSIz2OsJL485sUqlRU8u6Y9rZ8xpQBcPYY/0zADzrg0kUGA==", "user"=>{"name"=>"cedo", "email"=>"abc@gmail.com", "password"=>"[FILTERED]", "password_confirmation"=>"[FILTERED]"}, "commit"=>"create acount"}
  [1m[35m (0.1ms)[0m  [1m[36mbegin transaction[0m
  ↳ app/controllers/users_controller.rb:13
  [1m[36mUser Exists (0.3ms)[0m  [1m[34mSELECT  1 AS one FROM "users" WHERE LOWER("users"."email") = LOWER(?) LIMIT ?[0m  [["email", "abc@gmail.com"], ["LIMIT", 1]]
  ↳ app/controllers/users_controller.rb:13
  [1m[36mUser Create (500.2ms)[0m  [1m[32mINSERT INTO "users" ("name", "email", "created_at", "updated_at", "password_digest", "remember_digest") VALUES (?, ?, ?, ?, ?, ?)[0m  [["name", "cedo"], ["email", "abc@gmail.com"], ["created_at", "2019-12-31 06:03:27.633371"], ["updated_at", "2019-12-31 06:03:27.633371"], ["password_digest", "$2a$12$bw0iOIt0V49Gga2gkGGzc.QzJXZxai.PfKaPXlgt6jeZ5MtDSl5de"], ["remember_digest", "$2a$12$WlDjUvoviPilg/KWAgn.MO5BhltvNW3d8f.RdB9Vi0mhhUCT4WDD2"]]
  ↳ app/controllers/users_controller.rb:13
  [1m[35m (150.2ms)[0m  [1m[36mcommit transaction[0m
  ↳ app/controllers/users_controller.rb:13
Redirected to http://localhost:3000/users/1
Completed 302 Found in 1811ms (ActiveRecord: 650.8ms)


Started GET "/users/1" for 127.0.0.1 at 2019-12-31 08:03:28 +0200
Processing by UsersController#show as HTML
  Parameters: {"id"=>"1"}
  [1m[36mUser Load (0.6ms)[0m  [1m[34mSELECT  "users".* FROM "users" WHERE (1) LIMIT ?[0m  [["LIMIT", 1]]
  ↳ app/controllers/users_controller.rb:17
  Rendering users/show.html.erb within layouts/application
  Rendered users/show.html.erb within layouts/application (10.7ms)
Completed 500 Internal Server Error in 1062ms (ActiveRecord: 0.6ms)


  
ActionView::Template::Error (undefined method `name' for nil:NilClass):
    1: <h2>welcome</h2>
    2: <h3> <%=current_user.name%></h3>
    3: 
    4: <%= link_to 'Log out', logout_path, method: :delete%>
  
app/views/users/show.html.erb:2:in `_app_views_users_show_html_erb__1656894139895766664_69941813206500'
Started GET "/users/1" for 127.0.0.1 at 2019-12-31 08:07:41 +0200
Processing by UsersController#show as HTML
  Parameters: {"id"=>"1"}
  [1m[36mUser Load (12.8ms)[0m  [1m[34mSELECT  "users".* FROM "users" WHERE (1) LIMIT ?[0m  [["LIMIT", 1]]
  ↳ app/controllers/users_controller.rb:17
  Rendering users/show.html.erb within layouts/application
  Rendered users/show.html.erb within layouts/application (24.7ms)
Completed 500 Internal Server Error in 92ms (ActiveRecord: 12.8ms)


  
ActionView::Template::Error (undefined method `name' for nil:NilClass):
    1: <h2>welcome</h2>
    2: <h3> <%=@current_user.name%></h3>
    3: 
    4: <%= link_to 'Log out', logout_path, method: :delete%>
  
app/views/users/show.html.erb:2:in `_app_views_users_show_html_erb__1656894139895766664_69941734675520'
Started GET "/users/1" for 127.0.0.1 at 2019-12-31 08:08:28 +0200
Processing by UsersController#show as HTML
  Parameters: {"id"=>"1"}
  [1m[36mUser Load (0.6ms)[0m  [1m[34mSELECT  "users".* FROM "users" WHERE (1) LIMIT ?[0m  [["LIMIT", 1]]
  ↳ app/controllers/users_controller.rb:17
  Rendering users/show.html.erb within layouts/application
  Rendered users/show.html.erb within layouts/application (6.7ms)
Completed 500 Internal Server Error in 213ms (ActiveRecord: 4.0ms)


  
ActionView::Template::Error (undefined method `name' for nil:NilClass):
    1: <h2>welcome</h2>
    2: <h3> <%=current_user.name%></h3>
    3: 
    4: <%= link_to 'Log out', logout_path, method: :delete%>
  
app/views/users/show.html.erb:2:in `_app_views_users_show_html_erb__1656894139895766664_69941671930300'
Started GET "/users/1" for 127.0.0.1 at 2019-12-31 08:08:48 +0200
Processing by UsersController#show as HTML
  Parameters: {"id"=>"1"}
  [1m[36mUser Load (0.4ms)[0m  [1m[34mSELECT  "users".* FROM "users" WHERE (1) LIMIT ?[0m  [["LIMIT", 1]]
  ↳ app/controllers/users_controller.rb:17
  Rendering users/show.html.erb within layouts/application
  Rendered users/show.html.erb within layouts/application (2.5ms)
Completed 500 Internal Server Error in 8ms (ActiveRecord: 0.4ms)


  
ActionView::Template::Error (undefined method `name' for nil:NilClass):
    1: <h2>welcome</h2>
    2: <h3> <%=@current_user.name%></h3>
    3: 
    4: <%= link_to 'Log out', logout_path, method: :delete%>
  
app/views/users/show.html.erb:2:in `_app_views_users_show_html_erb__1656894139895766664_69941731561880'
  [1m[36mUser Load (101.2ms)[0m  [1m[34mSELECT  "users".* FROM "users" LIMIT ?[0m  [["LIMIT", 11]]
  [1m[36mUser Load (0.5ms)[0m  [1m[34mSELECT  "users".* FROM "users" LIMIT ?[0m  [["LIMIT", 11]]
Started GET "/users" for 127.0.0.1 at 2019-12-31 08:54:04 +0200
  [1m[35m (0.4ms)[0m  [1m[34mSELECT "schema_migrations"."version" FROM "schema_migrations" ORDER BY "schema_migrations"."version" ASC[0m
  ↳ /home/tresor/.rbenv/versions/2.6.4/lib/ruby/gems/2.6.0/gems/activerecord-5.2.4.1/lib/active_record/log_subscriber.rb:98
Processing by UsersController#index as HTML
  Rendering users/index.html.erb within layouts/application
  Rendered users/index.html.erb within layouts/application (3.7ms)
Completed 200 OK in 844ms (Views: 803.2ms | ActiveRecord: 0.0ms)


Started GET "/users/1" for 127.0.0.1 at 2019-12-31 08:54:23 +0200
Processing by UsersController#show as HTML
  Parameters: {"id"=>"1"}
  [1m[36mUser Load (0.4ms)[0m  [1m[34mSELECT  "users".* FROM "users" WHERE (1) LIMIT ?[0m  [["LIMIT", 1]]
  ↳ app/controllers/users_controller.rb:17
  Rendering users/show.html.erb within layouts/application
  Rendered users/show.html.erb within layouts/application (14.4ms)
Completed 500 Internal Server Error in 789ms (ActiveRecord: 2.4ms)


  
ActionView::Template::Error (undefined method `name' for nil:NilClass):
    1: <h2>welcome</h2>
    2: <h3> <%=current_user.name%></h3>
    3: 
    4: <%= link_to 'Log out', logout_path, method: :delete%>
  
app/views/users/show.html.erb:2:in `_app_views_users_show_html_erb___2348973058188058165_69852274914100'
Started GET "/users/1" for 127.0.0.1 at 2019-12-31 08:56:03 +0200
Processing by UsersController#show as HTML
  Parameters: {"id"=>"1"}
  [1m[36mUser Load (33.4ms)[0m  [1m[34mSELECT  "users".* FROM "users" WHERE (1) LIMIT ?[0m  [["LIMIT", 1]]
  ↳ app/controllers/users_controller.rb:17
  Rendering users/show.html.erb within layouts/application
  Rendered users/show.html.erb within layouts/application (1.3ms)
Completed 200 OK in 497ms (Views: 398.7ms | ActiveRecord: 33.4ms)


Started DELETE "/logout" for 127.0.0.1 at 2019-12-31 08:56:09 +0200
Processing by SessionsController#destroy as HTML
  Parameters: {"authenticity_token"=>"vgfmwnlXmMwC4Rwkkt0Iq5o8grV37EaMKdch8MGW12DjNSByaMciJnpeTogcnQxIdrDnreG59k1sLN7cDayL9A=="}
Redirected to http://localhost:3000/
Completed 302 Found in 2ms (ActiveRecord: 0.0ms)


Started GET "/" for 127.0.0.1 at 2019-12-31 08:56:10 +0200
Processing by UsersController#index as HTML
  Rendering users/index.html.erb within layouts/application
  Rendered users/index.html.erb within layouts/application (1.3ms)
Completed 200 OK in 123ms (Views: 34.6ms | ActiveRecord: 0.0ms)


Started GET "/users/1" for 127.0.0.1 at 2019-12-31 08:57:47 +0200
Processing by UsersController#show as HTML
  Parameters: {"id"=>"1"}
  [1m[36mUser Load (0.3ms)[0m  [1m[34mSELECT  "users".* FROM "users" WHERE (1) LIMIT ?[0m  [["LIMIT", 1]]
  ↳ app/controllers/users_controller.rb:18
  Rendering users/show.html.erb within layouts/application
  Rendered users/show.html.erb within layouts/application (7.2ms)
Completed 500 Internal Server Error in 154ms (ActiveRecord: 2.4ms)


  
ActionView::Template::Error (undefined method `name' for nil:NilClass):
    1: <h2>welcome</h2>
    2: <h3> <%=current_user.name%></h3>
    3: 
    4: <%= link_to 'Log out', logout_path, method: :delete%>
  
app/views/users/show.html.erb:2:in `_app_views_users_show_html_erb___2348973058188058165_69852277605140'
  [1m[36mUser Load (53.9ms)[0m  [1m[34mSELECT  "users".* FROM "users" ORDER BY "users"."id" ASC LIMIT ?[0m  [["LIMIT", 1]]
Started GET "/login" for 127.0.0.1 at 2019-12-31 09:07:12 +0200
Processing by SessionsController#new as HTML
  Rendering sessions/new.html.erb within layouts/application
  Rendered sessions/new.html.erb within layouts/application (473.8ms)
Completed 200 OK in 949ms (Views: 866.2ms | ActiveRecord: 0.0ms)


Started GET "/login" for 127.0.0.1 at 2019-12-31 09:07:17 +0200
Processing by SessionsController#new as HTML
  Rendering sessions/new.html.erb within layouts/application
  Rendered sessions/new.html.erb within layouts/application (2.5ms)
Completed 200 OK in 31ms (Views: 29.8ms | ActiveRecord: 0.0ms)


Started GET "/signup" for 127.0.0.1 at 2019-12-31 09:07:37 +0200
Processing by UsersController#new as HTML
  Rendering users/new.html.erb within layouts/application
  Rendered users/new.html.erb within layouts/application (5.2ms)
Completed 200 OK in 82ms (Views: 29.5ms | ActiveRecord: 1.3ms)


Started POST "/users" for 127.0.0.1 at 2019-12-31 09:08:14 +0200
Processing by UsersController#create as HTML
  Parameters: {"utf8"=>"✓", "authenticity_token"=>"TZ6bhp32JzrkH1gSf32RpyPb39bD8YDRnLHujIwGzc8QrF02jGad0JygCr7xPZVEz1e6zlWkMBDZShGgQDyRWw==", "user"=>{"name"=>"ahmed", "email"=>"ahmed@gmail.com", "password"=>"[FILTERED]", "password_confirmation"=>"[FILTERED]"}, "commit"=>"create acount"}
  [1m[35m (0.1ms)[0m  [1m[36mbegin transaction[0m
  ↳ app/controllers/users_controller.rb:14
  [1m[36mUser Exists (0.3ms)[0m  [1m[34mSELECT  1 AS one FROM "users" WHERE LOWER("users"."email") = LOWER(?) LIMIT ?[0m  [["email", "ahmed@gmail.com"], ["LIMIT", 1]]
  ↳ app/controllers/users_controller.rb:14
  [1m[36mUser Create (487.1ms)[0m  [1m[32mINSERT INTO "users" ("name", "email", "created_at", "updated_at", "password_digest", "remember_digest") VALUES (?, ?, ?, ?, ?, ?)[0m  [["name", "ahmed"], ["email", "ahmed@gmail.com"], ["created_at", "2019-12-31 07:08:14.839837"], ["updated_at", "2019-12-31 07:08:14.839837"], ["password_digest", "$2a$12$uamSFE/EX8afHoJC95IqH.XLFKL3UvASxHT6xEnf5zaJQM.xw0qTq"], ["remember_digest", "$2a$12$evs1fPpxUXet4pK0x14fA.R62HksZLqcGjT7eiuMHdz4jSIaL0RRS"]]
  ↳ app/controllers/users_controller.rb:14
  [1m[35m (154.8ms)[0m  [1m[36mcommit transaction[0m
  ↳ app/controllers/users_controller.rb:14
Redirected to http://localhost:3000/users/2
  [1m[35m (0.1ms)[0m  [1m[36mbegin transaction[0m
  ↳ app/models/user.rb:26
  [1m[36mUser Update (1.0ms)[0m  [1m[33mUPDATE "users" SET "updated_at" = ?, "remember_digest" = ? WHERE "users"."id" = ?[0m  [["updated_at", "2019-12-31 07:08:16.356469"], ["remember_digest", "$2a$12$WQTvjfKavDcxWfEYCN.UU.B9PupOD6wB9wbP2E9rx27QOLI4.RbUa"], ["id", 2]]
  ↳ app/models/user.rb:26
  [1m[35m (78.7ms)[0m  [1m[36mcommit transaction[0m
  ↳ app/models/user.rb:26
Completed 302 Found in 3099ms (ActiveRecord: 722.0ms)


Started GET "/users/2" for 127.0.0.1 at 2019-12-31 09:08:17 +0200
Processing by UsersController#show as HTML
  Parameters: {"id"=>"2"}
  [1m[36mUser Load (0.7ms)[0m  [1m[34mSELECT  "users".* FROM "users" WHERE (2) LIMIT ?[0m  [["LIMIT", 1]]
  ↳ app/controllers/users_controller.rb:20
  Rendering users/show.html.erb within layouts/application
  [1m[36mUser Load (0.3ms)[0m  [1m[34mSELECT  "users".* FROM "users" WHERE "users"."id" = ? LIMIT ?[0m  [["id", 2], ["LIMIT", 1]]
  ↳ app/helpers/sessions_helper.rb:16
  Rendered users/show.html.erb within layouts/application (2.8ms)
Completed 200 OK in 31ms (Views: 26.2ms | ActiveRecord: 1.0ms)


Started DELETE "/logout" for 127.0.0.1 at 2019-12-31 09:16:20 +0200
Processing by SessionsController#destroy as HTML
  Parameters: {"authenticity_token"=>"AMWaBZXtQIvAqodE3Tju7leMgmr1vGO257LgxfyszNtd91y1hH36YbgV1ehTeOoNuwDncmPp03eiSR/pMJaQTw=="}
  [1m[36mUser Load (0.3ms)[0m  [1m[34mSELECT  "users".* FROM "users" WHERE "users"."id" = ? LIMIT ?[0m  [["id", 2], ["LIMIT", 1]]
  ↳ app/helpers/sessions_helper.rb:16
  [1m[35m (0.1ms)[0m  [1m[36mbegin transaction[0m
  ↳ app/models/user.rb:34
  [1m[36mUser Update (9.6ms)[0m  [1m[33mUPDATE "users" SET "remember_digest" = ?, "updated_at" = ? WHERE "users"."id" = ?[0m  [["remember_digest", nil], ["updated_at", "2019-12-31 07:16:20.730961"], ["id", 2]]
  ↳ app/models/user.rb:34
  [1m[35m (89.9ms)[0m  [1m[36mcommit transaction[0m
  ↳ app/models/user.rb:34
Redirected to http://localhost:3000/
Completed 302 Found in 109ms (ActiveRecord: 99.8ms)


Started GET "/" for 127.0.0.1 at 2019-12-31 09:16:20 +0200
Processing by UsersController#index as HTML
  Rendering users/index.html.erb within layouts/application
  Rendered users/index.html.erb within layouts/application (1.4ms)
Completed 200 OK in 527ms (Views: 496.2ms | ActiveRecord: 0.0ms)


Started POST "/login" for 127.0.0.1 at 2019-12-31 09:16:25 +0200
Processing by SessionsController#create as HTML
  Parameters: {"authenticity_token"=>"zgxAX46xjgEhAnYiOSxPFJ8t0bK/owGWiB3IdmNVcACTPobvnyE061m9JI63bEv3c6G0qin2sVfN5jdar28slA=="}
Completed 500 Internal Server Error in 3ms (ActiveRecord: 0.0ms)


  
NoMethodError (undefined method `[]' for nil:NilClass):
  
app/controllers/sessions_controller.rb:7:in `create'
  [1m[35m (0.2ms)[0m  [1m[36mbegin transaction[0m
  [1m[36mUser Exists (0.3ms)[0m  [1m[34mSELECT  1 AS one FROM "users" WHERE LOWER("users"."email") = LOWER(?) LIMIT ?[0m  [["email", "cedo@gmail.com"], ["LIMIT", 1]]
  [1m[36mUser Create (0.5ms)[0m  [1m[32mINSERT INTO "users" ("name", "email", "created_at", "updated_at", "password_digest", "remember_digest") VALUES (?, ?, ?, ?, ?, ?)[0m  [["name", "cedric"], ["email", "cedo@gmail.com"], ["created_at", "2020-01-02 08:49:24.499562"], ["updated_at", "2020-01-02 08:49:24.499562"], ["password_digest", "$2a$12$1A5pSAt/or84l30I0iTA7O5rutbx3g1M65X/phAvU/Ut/gIz/W52m"], ["remember_digest", "$2a$12$6SK.rUw5D.BshVFGnlNqA.RE9wiS0ZzHYEwDaT8iVVwPClMW4NGC."]]
  [1m[35m (123.3ms)[0m  [1m[36mcommit transaction[0m
Started GET "/" for 127.0.0.1 at 2020-01-02 10:50:00 +0200
  [1m[35m (0.3ms)[0m  [1m[34mSELECT "schema_migrations"."version" FROM "schema_migrations" ORDER BY "schema_migrations"."version" ASC[0m
  ↳ /home/tresor/.rbenv/versions/2.6.4/lib/ruby/gems/2.6.0/gems/activerecord-5.2.4.1/lib/active_record/log_subscriber.rb:98
  
ActiveRecord::PendingMigrationError (

Migrations are pending. To resolve this issue, run:

        bin/rails db:migrate RAILS_ENV=development

):
  
activerecord (5.2.4.1) lib/active_record/migration.rb:579:in `check_pending!'
activerecord (5.2.4.1) lib/active_record/migration.rb:556:in `call'
actionpack (5.2.4.1) lib/action_dispatch/middleware/callbacks.rb:28:in `block in call'
activesupport (5.2.4.1) lib/active_support/callbacks.rb:98:in `run_callbacks'
actionpack (5.2.4.1) lib/action_dispatch/middleware/callbacks.rb:26:in `call'
actionpack (5.2.4.1) lib/action_dispatch/middleware/executor.rb:14:in `call'
actionpack (5.2.4.1) lib/action_dispatch/middleware/debug_exceptions.rb:61:in `call'
web-console (3.7.0) lib/web_console/middleware.rb:135:in `call_app'
web-console (3.7.0) lib/web_console/middleware.rb:30:in `block in call'
web-console (3.7.0) lib/web_console/middleware.rb:20:in `catch'
web-console (3.7.0) lib/web_console/middleware.rb:20:in `call'
actionpack (5.2.4.1) lib/action_dispatch/middleware/show_exceptions.rb:33:in `call'
railties (5.2.4.1) lib/rails/rack/logger.rb:38:in `call_app'
railties (5.2.4.1) lib/rails/rack/logger.rb:26:in `block in call'
activesupport (5.2.4.1) lib/active_support/tagged_logging.rb:71:in `block in tagged'
activesupport (5.2.4.1) lib/active_support/tagged_logging.rb:28:in `tagged'
activesupport (5.2.4.1) lib/active_support/tagged_logging.rb:71:in `tagged'
railties (5.2.4.1) lib/rails/rack/logger.rb:26:in `call'
sprockets-rails (3.2.1) lib/sprockets/rails/quiet_assets.rb:13:in `call'
actionpack (5.2.4.1) lib/action_dispatch/middleware/remote_ip.rb:81:in `call'
actionpack (5.2.4.1) lib/action_dispatch/middleware/request_id.rb:27:in `call'
rack (2.0.8) lib/rack/method_override.rb:22:in `call'
rack (2.0.8) lib/rack/runtime.rb:22:in `call'
activesupport (5.2.4.1) lib/active_support/cache/strategy/local_cache_middleware.rb:29:in `call'
actionpack (5.2.4.1) lib/action_dispatch/middleware/executor.rb:14:in `call'
actionpack (5.2.4.1) lib/action_dispatch/middleware/static.rb:127:in `call'
rack (2.0.8) lib/rack/sendfile.rb:111:in `call'
railties (5.2.4.1) lib/rails/engine.rb:524:in `call'
puma (3.12.2) lib/puma/configuration.rb:227:in `call'
puma (3.12.2) lib/puma/server.rb:674:in `handle_request'
puma (3.12.2) lib/puma/server.rb:476:in `process_client'
puma (3.12.2) lib/puma/server.rb:334:in `block in run'
puma (3.12.2) lib/puma/thread_pool.rb:135:in `block in spawn_thread'
  [1m[35m (0.3ms)[0m  [1m[34mSELECT "schema_migrations"."version" FROM "schema_migrations" ORDER BY "schema_migrations"."version" ASC[0m
  ↳ bin/rails:11
Migrating to CreatePosts (20191231071823)
  [1m[35m (0.1ms)[0m  [1m[36mbegin transaction[0m
  ↳ bin/rails:11
  [1m[35m (0.5ms)[0m  [1m[34mSELECT sqlite_version(*)[0m
  ↳ db/migrate/20191231071823_create_posts.rb:5
  [1m[35m (1.5ms)[0m  [1m[35mCREATE TABLE "posts" ("id" integer PRIMARY KEY AUTOINCREMENT NOT NULL, "created_at" datetime NOT NULL, "updated_at" datetime NOT NULL)[0m
  ↳ db/migrate/20191231071823_create_posts.rb:5
  [1m[36mActiveRecord::SchemaMigration Create (0.4ms)[0m  [1m[32mINSERT INTO "schema_migrations" ("version") VALUES (?)[0m  [["version", "20191231071823"]]
  ↳ bin/rails:11
  [1m[35m (115.6ms)[0m  [1m[36mcommit transaction[0m
  ↳ bin/rails:11
  [1m[36mActiveRecord::InternalMetadata Load (0.5ms)[0m  [1m[34mSELECT  "ar_internal_metadata".* FROM "ar_internal_metadata" WHERE "ar_internal_metadata"."key" = ? LIMIT ?[0m  [["key", "environment"], ["LIMIT", 1]]
  ↳ bin/rails:11
  [1m[35m (0.1ms)[0m  [1m[36mbegin transaction[0m
  ↳ bin/rails:11
  [1m[35m (0.1ms)[0m  [1m[36mcommit transaction[0m
  ↳ bin/rails:11
  [1m[35m (0.2ms)[0m  [1m[34mSELECT "schema_migrations"."version" FROM "schema_migrations" ORDER BY "schema_migrations"."version" ASC[0m
  ↳ bin/rails:11
Started GET "/" for 127.0.0.1 at 2020-01-02 10:50:43 +0200
  [1m[35m (0.1ms)[0m  [1m[34mSELECT "schema_migrations"."version" FROM "schema_migrations" ORDER BY "schema_migrations"."version" ASC[0m
  ↳ /home/tresor/.rbenv/versions/2.6.4/lib/ruby/gems/2.6.0/gems/activerecord-5.2.4.1/lib/active_record/log_subscriber.rb:98
Processing by UsersController#index as HTML
  Rendering users/index.html.erb within layouts/application
  Rendered users/index.html.erb within layouts/application (2.1ms)
Completed 200 OK in 728ms (Views: 707.8ms | ActiveRecord: 0.0ms)


Started POST "/login" for 127.0.0.1 at 2020-01-02 10:50:52 +0200
Processing by SessionsController#create as HTML
  Parameters: {"authenticity_token"=>"flBSByykg8RaWS0RZSqUzN3+4upvpbSvBW/1KtOIyLy2q3mbTprvbuBdJyqUHjzPDNLN+IsH4jz05WRtcfiU4w=="}
Completed 500 Internal Server Error in 7ms (ActiveRecord: 0.0ms)


  
NoMethodError (undefined method `[]' for nil:NilClass):
  
app/controllers/sessions_controller.rb:7:in `create'
Started POST "/signup" for 127.0.0.1 at 2020-01-02 10:51:42 +0200
  
ActionController::RoutingError (No route matches [POST] "/signup"):
  
actionpack (5.2.4.1) lib/action_dispatch/middleware/debug_exceptions.rb:65:in `call'
web-console (3.7.0) lib/web_console/middleware.rb:135:in `call_app'
web-console (3.7.0) lib/web_console/middleware.rb:30:in `block in call'
web-console (3.7.0) lib/web_console/middleware.rb:20:in `catch'
web-console (3.7.0) lib/web_console/middleware.rb:20:in `call'
actionpack (5.2.4.1) lib/action_dispatch/middleware/show_exceptions.rb:33:in `call'
railties (5.2.4.1) lib/rails/rack/logger.rb:38:in `call_app'
railties (5.2.4.1) lib/rails/rack/logger.rb:26:in `block in call'
activesupport (5.2.4.1) lib/active_support/tagged_logging.rb:71:in `block in tagged'
activesupport (5.2.4.1) lib/active_support/tagged_logging.rb:28:in `tagged'
activesupport (5.2.4.1) lib/active_support/tagged_logging.rb:71:in `tagged'
railties (5.2.4.1) lib/rails/rack/logger.rb:26:in `call'
sprockets-rails (3.2.1) lib/sprockets/rails/quiet_assets.rb:13:in `call'
actionpack (5.2.4.1) lib/action_dispatch/middleware/remote_ip.rb:81:in `call'
actionpack (5.2.4.1) lib/action_dispatch/middleware/request_id.rb:27:in `call'
rack (2.0.8) lib/rack/method_override.rb:22:in `call'
rack (2.0.8) lib/rack/runtime.rb:22:in `call'
activesupport (5.2.4.1) lib/active_support/cache/strategy/local_cache_middleware.rb:29:in `call'
actionpack (5.2.4.1) lib/action_dispatch/middleware/executor.rb:14:in `call'
actionpack (5.2.4.1) lib/action_dispatch/middleware/static.rb:127:in `call'
rack (2.0.8) lib/rack/sendfile.rb:111:in `call'
railties (5.2.4.1) lib/rails/engine.rb:524:in `call'
puma (3.12.2) lib/puma/configuration.rb:227:in `call'
puma (3.12.2) lib/puma/server.rb:674:in `handle_request'
puma (3.12.2) lib/puma/server.rb:476:in `process_client'
puma (3.12.2) lib/puma/server.rb:334:in `block in run'
puma (3.12.2) lib/puma/thread_pool.rb:135:in `block in spawn_thread'
Started POST "/login" for 127.0.0.1 at 2020-01-02 10:51:52 +0200
Processing by SessionsController#create as HTML
  Parameters: {"authenticity_token"=>"flBSByykg8RaWS0RZSqUzN3+4upvpbSvBW/1KtOIyLy2q3mbTprvbuBdJyqUHjzPDNLN+IsH4jz05WRtcfiU4w=="}
Completed 500 Internal Server Error in 2ms (ActiveRecord: 0.0ms)


  
NoMethodError (undefined method `[]' for nil:NilClass):
  
app/controllers/sessions_controller.rb:7:in `create'
Started GET "/" for 127.0.0.1 at 2020-01-02 10:53:22 +0200
Processing by UsersController#index as HTML
  Rendering users/index.html.erb within layouts/application
  Rendered users/index.html.erb within layouts/application (1.5ms)
Completed 200 OK in 47ms (Views: 45.3ms | ActiveRecord: 0.0ms)


Started GET "/login" for 127.0.0.1 at 2020-01-02 10:53:24 +0200
Processing by SessionsController#new as HTML
  Rendering sessions/new.html.erb within layouts/application
  Rendered sessions/new.html.erb within layouts/application (275.4ms)
Completed 200 OK in 396ms (Views: 343.5ms | ActiveRecord: 0.0ms)


Started POST "/login" for 127.0.0.1 at 2020-01-02 10:54:11 +0200
Processing by SessionsController#create as HTML
  Parameters: {"utf8"=>"✓", "authenticity_token"=>"2H4CziiL2l9TIty6PPpxHI+nakWcDjhxgXSv5pIdPd4fTKdiu4TOfcwcZeklSSEDuV0UCOPkqwfaPHHlZd869A==", "sessions"=>{"email"=>"cedo@gmail.com", "password"=>"[FILTERED]"}, "commit"=>"Login"}
  [1m[36mUser Load (0.3ms)[0m  [1m[34mSELECT  "users".* FROM "users" WHERE "users"."email" = ? LIMIT ?[0m  [["email", "cedo@gmail.com"], ["LIMIT", 1]]
  ↳ app/controllers/sessions_controller.rb:7
  [1m[35m (0.1ms)[0m  [1m[36mbegin transaction[0m
  ↳ app/models/user.rb:26
  [1m[36mUser Update (0.6ms)[0m  [1m[33mUPDATE "users" SET "remember_digest" = ?, "updated_at" = ? WHERE "users"."id" = ?[0m  [["remember_digest", "$2a$12$rYEnTOSrrCArEJd6U13fa.qzSZQviNXjgK/60AuCfY110km3rNT2S"], ["updated_at", "2020-01-02 08:54:12.119618"], ["id", 3]]
  ↳ app/models/user.rb:26
  [1m[35m (104.5ms)[0m  [1m[36mcommit transaction[0m
  ↳ app/models/user.rb:26
Redirected to http://localhost:3000/users/3
Completed 302 Found in 1009ms (ActiveRecord: 107.3ms)


Started GET "/users/3" for 127.0.0.1 at 2020-01-02 10:54:12 +0200
Processing by UsersController#show as HTML
  Parameters: {"id"=>"3"}
  [1m[36mUser Load (0.7ms)[0m  [1m[34mSELECT  "users".* FROM "users" WHERE (3) LIMIT ?[0m  [["LIMIT", 1]]
  ↳ app/controllers/users_controller.rb:20
  Rendering users/show.html.erb within layouts/application
  [1m[36mUser Load (0.3ms)[0m  [1m[34mSELECT  "users".* FROM "users" WHERE "users"."id" = ? LIMIT ?[0m  [["id", 3], ["LIMIT", 1]]
  ↳ app/helpers/sessions_helper.rb:16
  Rendered users/show.html.erb within layouts/application (3.3ms)
Completed 200 OK in 61ms (Views: 35.7ms | ActiveRecord: 1.0ms)


Started GET "/" for 127.0.0.1 at 2020-01-02 10:55:52 +0200
Processing by UsersController#index as HTML
  Rendering users/index.html.erb within layouts/application
  Rendered users/index.html.erb within layouts/application (1.5ms)
Completed 200 OK in 35ms (Views: 33.5ms | ActiveRecord: 0.0ms)


Started POST "/login" for 127.0.0.1 at 2020-01-02 10:55:54 +0200
Processing by SessionsController#create as HTML
  Parameters: {"authenticity_token"=>"yOfW+eQ0+BgYpGHon/bA4f49lBYnwKvCNbI3xHALO+cAHP1lhgqUsqKga9NuwmjiLxG7BMNi/VHEOKaD0ntnuA=="}
Completed 500 Internal Server Error in 2ms (ActiveRecord: 0.0ms)


  
NoMethodError (undefined method `[]' for nil:NilClass):
  
app/controllers/sessions_controller.rb:7:in `create'
Started GET "/" for 127.0.0.1 at 2020-01-02 10:57:28 +0200
Processing by UsersController#index as HTML
  Rendering users/index.html.erb within layouts/application
  Rendered users/index.html.erb within layouts/application (0.7ms)
Completed 200 OK in 34ms (Views: 32.1ms | ActiveRecord: 0.0ms)


Started GET "/login" for 127.0.0.1 at 2020-01-02 10:57:30 +0200
Processing by SessionsController#new as HTML
  Rendering sessions/new.html.erb within layouts/application
  Rendered sessions/new.html.erb within layouts/application (2.7ms)
Completed 200 OK in 41ms (Views: 39.2ms | ActiveRecord: 0.0ms)


Started GET "/" for 127.0.0.1 at 2020-01-02 10:58:08 +0200
Processing by UsersController#index as HTML
  Rendering users/index.html.erb within layouts/application
  Rendered users/index.html.erb within layouts/application (0.5ms)
Completed 200 OK in 40ms (Views: 38.9ms | ActiveRecord: 0.0ms)


Started GET "/login" for 127.0.0.1 at 2020-01-02 10:58:12 +0200
Processing by SessionsController#new as HTML
  Rendering sessions/new.html.erb within layouts/application
  Rendered sessions/new.html.erb within layouts/application (2.3ms)
Completed 200 OK in 50ms (Views: 46.8ms | ActiveRecord: 0.0ms)


Started GET "/" for 127.0.0.1 at 2020-01-02 10:58:25 +0200
Processing by UsersController#index as HTML
  Rendering users/index.html.erb within layouts/application
  Rendered users/index.html.erb within layouts/application (0.8ms)
Completed 200 OK in 35ms (Views: 33.7ms | ActiveRecord: 0.0ms)


Started GET "/signup" for 127.0.0.1 at 2020-01-02 10:58:27 +0200
Processing by UsersController#new as HTML
  Rendering users/new.html.erb within layouts/application
  Rendered users/new.html.erb within layouts/application (4.2ms)
Completed 200 OK in 43ms (Views: 41.5ms | ActiveRecord: 0.0ms)


Started GET "/login" for 127.0.0.1 at 2020-01-02 10:58:30 +0200
Processing by SessionsController#new as HTML
  Rendering sessions/new.html.erb within layouts/application
  Rendered sessions/new.html.erb within layouts/application (3.3ms)
Completed 200 OK in 37ms (Views: 35.8ms | ActiveRecord: 0.0ms)


Started GET "/signup" for 127.0.0.1 at 2020-01-02 10:58:33 +0200
Processing by UsersController#new as HTML
  Rendering users/new.html.erb within layouts/application
  Rendered users/new.html.erb within layouts/application (5.6ms)
Completed 200 OK in 43ms (Views: 41.4ms | ActiveRecord: 0.0ms)


Started GET "/login" for 127.0.0.1 at 2020-01-02 10:58:56 +0200
Processing by SessionsController#new as HTML
  Rendering sessions/new.html.erb within layouts/application
  Rendered sessions/new.html.erb within layouts/application (2.3ms)
Completed 200 OK in 43ms (Views: 41.0ms | ActiveRecord: 0.0ms)


Started GET "/signup" for 127.0.0.1 at 2020-01-02 10:58:59 +0200
Processing by UsersController#new as HTML
  Rendering users/new.html.erb within layouts/application
  Rendered users/new.html.erb within layouts/application (2.5ms)
Completed 200 OK in 35ms (Views: 33.5ms | ActiveRecord: 0.0ms)


Started GET "/signup" for 127.0.0.1 at 2020-01-02 11:01:07 +0200
Processing by UsersController#new as HTML
  Rendering users/new.html.erb within layouts/application
  Rendered users/new.html.erb within layouts/application (3.5ms)
Completed 200 OK in 34ms (Views: 32.5ms | ActiveRecord: 0.0ms)


Started GET "/" for 127.0.0.1 at 2020-01-02 11:01:09 +0200
Processing by UsersController#index as HTML
  Rendering users/index.html.erb within layouts/application
  Rendered users/index.html.erb within layouts/application (0.6ms)
Completed 200 OK in 34ms (Views: 32.2ms | ActiveRecord: 0.0ms)


